

Started GET "/" for 99.127.48.217 at 2015-03-09 21:08:30 +0000
Processing by Rails::WelcomeController#index as HTML
  Rendered /home/action/.rvm/gems/ruby-2.1.2/gems/railties-4.1.9/lib/rails/templates/rails/welcome/index.html.erb (4.1ms)
Completed 200 OK in 70ms (Views: 46.1ms | ActiveRecord: 0.0ms)


Started GET "/" for 99.127.48.217 at 2015-03-09 21:15:45 +0000
Processing by ApplicationController#hello as HTML
  Rendered text template (0.0ms)
Completed 200 OK in 52ms (Views: 32.2ms | ActiveRecord: 0.0ms)
  [1m[36m (13.6ms)[0m  [1mCREATE TABLE "schema_migrations" ("version" varchar(255) NOT NULL) [0m
  [1m[35m (0.1ms)[0m  select sqlite_version(*)
  [1m[36m (14.6ms)[0m  [1mCREATE UNIQUE INDEX "unique_schema_migrations" ON "schema_migrations" ("version")[0m
  [1m[35mActiveRecord::SchemaMigration Load (0.1ms)[0m  SELECT "schema_migrations".* FROM "schema_migrations"
Migrating to DeviseCreateUsers (20150309213448)
  [1m[36m (0.1ms)[0m  [1mbegin transaction[0m
  [1m[35m (0.7ms)[0m  CREATE TABLE "users" ("id" INTEGER PRIMARY KEY AUTOINCREMENT NOT NULL, "name" varchar(255), "email" varchar(255) DEFAULT '' NOT NULL, "encrypted_password" varchar(255) DEFAULT '' NOT NULL, "reset_password_token" varchar(255), "reset_password_sent_at" datetime, "remember_created_at" datetime, "sign_in_count" integer DEFAULT 0 NOT NULL, "current_sign_in_at" datetime, "last_sign_in_at" datetime, "current_sign_in_ip" varchar(255), "last_sign_in_ip" varchar(255), "confirmation_token" varchar(255), "confirmed_at" datetime, "confirmation_sent_at" datetime, "unconfirmed_email" varchar(255), "created_at" datetime, "updated_at" datetime) 
  [1m[36m (15.9ms)[0m  [1mCREATE UNIQUE INDEX "index_users_on_email" ON "users" ("email")[0m
  [1m[35m (0.1ms)[0m              SELECT sql
            FROM sqlite_master
            WHERE name='index_users_on_email' AND type='index'
            UNION ALL
            SELECT sql
            FROM sqlite_temp_master
            WHERE name='index_users_on_email' AND type='index'

  [1m[36m (0.2ms)[0m  [1mCREATE UNIQUE INDEX "index_users_on_reset_password_token" ON "users" ("reset_password_token")[0m
  [1m[35mSQL (0.3ms)[0m  INSERT INTO "schema_migrations" ("version") VALUES (?)  [["version", "20150309213448"]]
  [1m[36m (15.2ms)[0m  [1mcommit transaction[0m
  [1m[35mActiveRecord::SchemaMigration Load (0.1ms)[0m  SELECT "schema_migrations".* FROM "schema_migrations"
  [1m[36m (0.2ms)[0m  [1m            SELECT sql
            FROM sqlite_master
            WHERE name='index_users_on_reset_password_token' AND type='index'
            UNION ALL
            SELECT sql
            FROM sqlite_temp_master
            WHERE name='index_users_on_reset_password_token' AND type='index'
[0m
  [1m[35m (0.2ms)[0m              SELECT sql
            FROM sqlite_master
            WHERE name='index_users_on_email' AND type='index'
            UNION ALL
            SELECT sql
            FROM sqlite_temp_master
            WHERE name='index_users_on_email' AND type='index'

  [1m[36mActiveRecord::SchemaMigration Load (0.1ms)[0m  [1mSELECT "schema_migrations".* FROM "schema_migrations"[0m
Migrating to CreateCategories (20150309220420)
  [1m[35m (0.1ms)[0m  begin transaction
  [1m[36m (0.5ms)[0m  [1mCREATE TABLE "categories" ("id" INTEGER PRIMARY KEY AUTOINCREMENT NOT NULL, "title" varchar(255), "created_at" datetime, "updated_at" datetime) [0m
  [1m[35mSQL (0.2ms)[0m  INSERT INTO "schema_migrations" ("version") VALUES (?)  [["version", "20150309220420"]]
  [1m[36m (22.4ms)[0m  [1mcommit transaction[0m
Migrating to CreateTodos (20150309220704)
  [1m[35m (0.1ms)[0m  begin transaction
  [1m[36m (0.1ms)[0m  [1mrollback transaction[0m
  [1m[36mActiveRecord::SchemaMigration Load (0.1ms)[0m  [1mSELECT "schema_migrations".* FROM "schema_migrations"[0m
Migrating to CreateTodos (20150309220704)
  [1m[35m (0.1ms)[0m  begin transaction
  [1m[36m (0.5ms)[0m  [1mCREATE TABLE "todos" ("id" INTEGER PRIMARY KEY AUTOINCREMENT NOT NULL, "completed" boolean, "completed_at" datetime, "title" varchar(255), "description" text, "category_id" integer, "deadline" datetime, "created_at" datetime, "updated_at" datetime) [0m
  [1m[35mSQL (0.2ms)[0m  INSERT INTO "schema_migrations" ("version") VALUES (?)  [["version", "20150309220704"]]
  [1m[36m (31.8ms)[0m  [1mcommit transaction[0m
Migrating to CreateSteps (20150309220950)
  [1m[35m (0.1ms)[0m  begin transaction
  [1m[36m (0.5ms)[0m  [1mCREATE TABLE "steps" ("id" INTEGER PRIMARY KEY AUTOINCREMENT NOT NULL, "completed" boolean, "completed_at" datetime, "order" integer, "deadline" datetime, "name" varchar(255), "user_id" integer, "todo_id" integer, "created_at" datetime, "updated_at" datetime) [0m
  [1m[35m (0.1ms)[0m  select sqlite_version(*)
  [1m[36m (0.2ms)[0m  [1mCREATE  INDEX "index_steps_on_user_id" ON "steps" ("user_id")[0m
  [1m[35m (0.1ms)[0m              SELECT sql
            FROM sqlite_master
            WHERE name='index_steps_on_user_id' AND type='index'
            UNION ALL
            SELECT sql
            FROM sqlite_temp_master
            WHERE name='index_steps_on_user_id' AND type='index'

  [1m[36m (0.1ms)[0m  [1mCREATE  INDEX "index_steps_on_todo_id" ON "steps" ("todo_id")[0m
  [1m[35mSQL (0.2ms)[0m  INSERT INTO "schema_migrations" ("version") VALUES (?)  [["version", "20150309220950"]]
  [1m[36m (15.3ms)[0m  [1mcommit transaction[0m
Migrating to AddUserToTodos (20150309221035)
  [1m[35m (0.1ms)[0m  begin transaction
  [1m[36m (0.4ms)[0m  [1mALTER TABLE "todos" ADD "user_id" integer[0m
  [1m[35m (0.2ms)[0m  CREATE  INDEX "index_todos_on_user_id" ON "todos" ("user_id")
  [1m[36mSQL (0.1ms)[0m  [1mINSERT INTO "schema_migrations" ("version") VALUES (?)[0m  [["version", "20150309221035"]]
  [1m[35m (16.3ms)[0m  commit transaction
Migrating to CreateComments (20150309221215)
  [1m[36m (0.1ms)[0m  [1mbegin transaction[0m
  [1m[35m (0.4ms)[0m  CREATE TABLE "comments" ("id" INTEGER PRIMARY KEY AUTOINCREMENT NOT NULL, "body" text, "user_id" integer, "step_id" integer, "created_at" datetime, "updated_at" datetime) 
  [1m[36m (0.2ms)[0m  [1mCREATE  INDEX "index_comments_on_user_id" ON "comments" ("user_id")[0m
  [1m[35m (0.1ms)[0m              SELECT sql
            FROM sqlite_master
            WHERE name='index_comments_on_user_id' AND type='index'
            UNION ALL
            SELECT sql
            FROM sqlite_temp_master
            WHERE name='index_comments_on_user_id' AND type='index'

  [1m[36m (0.3ms)[0m  [1mCREATE  INDEX "index_comments_on_step_id" ON "comments" ("step_id")[0m
  [1m[35mSQL (0.1ms)[0m  INSERT INTO "schema_migrations" ("version") VALUES (?)  [["version", "20150309221215"]]
  [1m[36m (16.0ms)[0m  [1mcommit transaction[0m
  [1m[35mActiveRecord::SchemaMigration Load (0.2ms)[0m  SELECT "schema_migrations".* FROM "schema_migrations"
  [1m[36m (0.2ms)[0m  [1m            SELECT sql
            FROM sqlite_master
            WHERE name='index_comments_on_step_id' AND type='index'
            UNION ALL
            SELECT sql
            FROM sqlite_temp_master
            WHERE name='index_comments_on_step_id' AND type='index'
[0m
  [1m[35m (0.2ms)[0m              SELECT sql
            FROM sqlite_master
            WHERE name='index_comments_on_user_id' AND type='index'
            UNION ALL
            SELECT sql
            FROM sqlite_temp_master
            WHERE name='index_comments_on_user_id' AND type='index'

  [1m[36m (0.2ms)[0m  [1m            SELECT sql
            FROM sqlite_master
            WHERE name='index_steps_on_todo_id' AND type='index'
            UNION ALL
            SELECT sql
            FROM sqlite_temp_master
            WHERE name='index_steps_on_todo_id' AND type='index'
[0m
  [1m[35m (0.2ms)[0m              SELECT sql
            FROM sqlite_master
            WHERE name='index_steps_on_user_id' AND type='index'
            UNION ALL
            SELECT sql
            FROM sqlite_temp_master
            WHERE name='index_steps_on_user_id' AND type='index'

  [1m[36m (0.2ms)[0m  [1m            SELECT sql
            FROM sqlite_master
            WHERE name='index_todos_on_user_id' AND type='index'
            UNION ALL
            SELECT sql
            FROM sqlite_temp_master
            WHERE name='index_todos_on_user_id' AND type='index'
[0m
  [1m[35m (0.2ms)[0m              SELECT sql
            FROM sqlite_master
            WHERE name='index_users_on_reset_password_token' AND type='index'
            UNION ALL
            SELECT sql
            FROM sqlite_temp_master
            WHERE name='index_users_on_reset_password_token' AND type='index'

  [1m[36m (0.2ms)[0m  [1m            SELECT sql
            FROM sqlite_master
            WHERE name='index_users_on_email' AND type='index'
            UNION ALL
            SELECT sql
            FROM sqlite_temp_master
            WHERE name='index_users_on_email' AND type='index'
[0m
  [1m[36mActiveRecord::SchemaMigration Load (0.1ms)[0m  [1mSELECT "schema_migrations".* FROM "schema_migrations"[0m
Migrating to CreatePriorities (20150309223259)
  [1m[35m (0.1ms)[0m  begin transaction
  [1m[36m (0.5ms)[0m  [1mCREATE TABLE "priorities" ("id" INTEGER PRIMARY KEY AUTOINCREMENT NOT NULL, "urgency" integer, "color" varchar(255), "todo_id" integer, "created_at" datetime, "updated_at" datetime) [0m
  [1m[35m (0.1ms)[0m  select sqlite_version(*)
  [1m[36m (0.2ms)[0m  [1mCREATE  INDEX "index_priorities_on_todo_id" ON "priorities" ("todo_id")[0m
  [1m[35mSQL (0.2ms)[0m  INSERT INTO "schema_migrations" ("version") VALUES (?)  [["version", "20150309223259"]]
  [1m[36m (26.6ms)[0m  [1mcommit transaction[0m
  [1m[35mActiveRecord::SchemaMigration Load (0.2ms)[0m  SELECT "schema_migrations".* FROM "schema_migrations"
  [1m[36m (0.2ms)[0m  [1m            SELECT sql
            FROM sqlite_master
            WHERE name='index_comments_on_step_id' AND type='index'
            UNION ALL
            SELECT sql
            FROM sqlite_temp_master
            WHERE name='index_comments_on_step_id' AND type='index'
[0m
  [1m[35m (0.2ms)[0m              SELECT sql
            FROM sqlite_master
            WHERE name='index_comments_on_user_id' AND type='index'
            UNION ALL
            SELECT sql
            FROM sqlite_temp_master
            WHERE name='index_comments_on_user_id' AND type='index'

  [1m[36m (0.2ms)[0m  [1m            SELECT sql
            FROM sqlite_master
            WHERE name='index_priorities_on_todo_id' AND type='index'
            UNION ALL
            SELECT sql
            FROM sqlite_temp_master
            WHERE name='index_priorities_on_todo_id' AND type='index'
[0m
  [1m[35m (0.2ms)[0m              SELECT sql
            FROM sqlite_master
            WHERE name='index_steps_on_todo_id' AND type='index'
            UNION ALL
            SELECT sql
            FROM sqlite_temp_master
            WHERE name='index_steps_on_todo_id' AND type='index'

  [1m[36m (0.2ms)[0m  [1m            SELECT sql
            FROM sqlite_master
            WHERE name='index_steps_on_user_id' AND type='index'
            UNION ALL
            SELECT sql
            FROM sqlite_temp_master
            WHERE name='index_steps_on_user_id' AND type='index'
[0m
  [1m[35m (0.2ms)[0m              SELECT sql
            FROM sqlite_master
            WHERE name='index_todos_on_user_id' AND type='index'
            UNION ALL
            SELECT sql
            FROM sqlite_temp_master
            WHERE name='index_todos_on_user_id' AND type='index'

  [1m[36m (0.2ms)[0m  [1m            SELECT sql
            FROM sqlite_master
            WHERE name='index_users_on_reset_password_token' AND type='index'
            UNION ALL
            SELECT sql
            FROM sqlite_temp_master
            WHERE name='index_users_on_reset_password_token' AND type='index'
[0m
  [1m[35m (0.2ms)[0m              SELECT sql
            FROM sqlite_master
            WHERE name='index_users_on_email' AND type='index'
            UNION ALL
            SELECT sql
            FROM sqlite_temp_master
            WHERE name='index_users_on_email' AND type='index'

  [1m[36mActiveRecord::SchemaMigration Load (0.2ms)[0m  [1mSELECT "schema_migrations".* FROM "schema_migrations"[0m
  [1m[35mActiveRecord::SchemaMigration Load (0.2ms)[0m  SELECT "schema_migrations".* FROM "schema_migrations"
  [1m[36m (0.2ms)[0m  [1m            SELECT sql
            FROM sqlite_master
            WHERE name='index_comments_on_step_id' AND type='index'
            UNION ALL
            SELECT sql
            FROM sqlite_temp_master
            WHERE name='index_comments_on_step_id' AND type='index'
[0m
  [1m[35m (0.2ms)[0m              SELECT sql
            FROM sqlite_master
            WHERE name='index_comments_on_user_id' AND type='index'
            UNION ALL
            SELECT sql
            FROM sqlite_temp_master
            WHERE name='index_comments_on_user_id' AND type='index'

  [1m[36m (0.2ms)[0m  [1m            SELECT sql
            FROM sqlite_master
            WHERE name='index_priorities_on_todo_id' AND type='index'
            UNION ALL
            SELECT sql
            FROM sqlite_temp_master
            WHERE name='index_priorities_on_todo_id' AND type='index'
[0m
  [1m[35m (0.2ms)[0m              SELECT sql
            FROM sqlite_master
            WHERE name='index_steps_on_todo_id' AND type='index'
            UNION ALL
            SELECT sql
            FROM sqlite_temp_master
            WHERE name='index_steps_on_todo_id' AND type='index'

  [1m[36m (0.2ms)[0m  [1m            SELECT sql
            FROM sqlite_master
            WHERE name='index_steps_on_user_id' AND type='index'
            UNION ALL
            SELECT sql
            FROM sqlite_temp_master
            WHERE name='index_steps_on_user_id' AND type='index'
[0m
  [1m[35m (0.2ms)[0m              SELECT sql
            FROM sqlite_master
            WHERE name='index_todos_on_user_id' AND type='index'
            UNION ALL
            SELECT sql
            FROM sqlite_temp_master
            WHERE name='index_todos_on_user_id' AND type='index'

  [1m[36m (0.2ms)[0m  [1m            SELECT sql
            FROM sqlite_master
            WHERE name='index_users_on_reset_password_token' AND type='index'
            UNION ALL
            SELECT sql
            FROM sqlite_temp_master
            WHERE name='index_users_on_reset_password_token' AND type='index'
[0m
  [1m[35m (0.3ms)[0m              SELECT sql
            FROM sqlite_master
            WHERE name='index_users_on_email' AND type='index'
            UNION ALL
            SELECT sql
            FROM sqlite_temp_master
            WHERE name='index_users_on_email' AND type='index'



Started GET "/" for 99.127.48.217 at 2015-03-09 23:03:16 +0000

NoMethodError (undefined method `devise_for' for #<ActionDispatch::Routing::Mapper:0x000000049cdde0>):
  config/routes.rb:26:in `block in <top (required)>'
  config/routes.rb:1:in `<top (required)>'


  Rendered /home/action/.rvm/gems/ruby-2.1.2/gems/actionpack-4.1.9/lib/action_dispatch/middleware/templates/rescues/_source.erb (0.9ms)
  Rendered /home/action/.rvm/gems/ruby-2.1.2/gems/actionpack-4.1.9/lib/action_dispatch/middleware/templates/rescues/_trace.html.erb (1.4ms)
  Rendered /home/action/.rvm/gems/ruby-2.1.2/gems/actionpack-4.1.9/lib/action_dispatch/middleware/templates/rescues/_request_and_response.html.erb (1.2ms)
  Rendered /home/action/.rvm/gems/ruby-2.1.2/gems/actionpack-4.1.9/lib/action_dispatch/middleware/templates/rescues/diagnostics.erb within rescues/layout (36.3ms)


Started GET "/" for 99.127.48.217 at 2015-03-09 23:08:08 +0000
  [1m[36mActiveRecord::SchemaMigration Load (0.2ms)[0m  [1mSELECT "schema_migrations".* FROM "schema_migrations"[0m

ActionController::RoutingError (uninitialized constant CategoryController):
  activesupport (4.1.9) lib/active_support/inflector/methods.rb:238:in `const_get'
  activesupport (4.1.9) lib/active_support/inflector/methods.rb:238:in `block in constantize'
  activesupport (4.1.9) lib/active_support/inflector/methods.rb:236:in `each'
  activesupport (4.1.9) lib/active_support/inflector/methods.rb:236:in `inject'
  activesupport (4.1.9) lib/active_support/inflector/methods.rb:236:in `constantize'
  actionpack (4.1.9) lib/action_dispatch/routing/route_set.rb:78:in `controller_reference'
  actionpack (4.1.9) lib/action_dispatch/routing/route_set.rb:68:in `controller'
  actionpack (4.1.9) lib/action_dispatch/routing/route_set.rb:46:in `call'
  actionpack (4.1.9) lib/action_dispatch/journey/router.rb:73:in `block in call'
  actionpack (4.1.9) lib/action_dispatch/journey/router.rb:59:in `each'
  actionpack (4.1.9) lib/action_dispatch/journey/router.rb:59:in `call'
  actionpack (4.1.9) lib/action_dispatch/routing/route_set.rb:685:in `call'
  warden (1.2.3) lib/warden/manager.rb:35:in `block in call'
  warden (1.2.3) lib/warden/manager.rb:34:in `catch'
  warden (1.2.3) lib/warden/manager.rb:34:in `call'
  rack (1.5.2) lib/rack/etag.rb:23:in `call'
  rack (1.5.2) lib/rack/conditionalget.rb:25:in `call'
  rack (1.5.2) lib/rack/head.rb:11:in `call'
  actionpack (4.1.9) lib/action_dispatch/middleware/params_parser.rb:27:in `call'
  actionpack (4.1.9) lib/action_dispatch/middleware/flash.rb:254:in `call'
  rack (1.5.2) lib/rack/session/abstract/id.rb:225:in `context'
  rack (1.5.2) lib/rack/session/abstract/id.rb:220:in `call'
  actionpack (4.1.9) lib/action_dispatch/middleware/cookies.rb:562:in `call'
  activerecord (4.1.9) lib/active_record/query_cache.rb:36:in `call'
  activerecord (4.1.9) lib/active_record/connection_adapters/abstract/connection_pool.rb:621:in `call'
  activerecord (4.1.9) lib/active_record/migration.rb:380:in `call'
  actionpack (4.1.9) lib/action_dispatch/middleware/callbacks.rb:29:in `block in call'
  activesupport (4.1.9) lib/active_support/callbacks.rb:82:in `run_callbacks'
  actionpack (4.1.9) lib/action_dispatch/middleware/callbacks.rb:27:in `call'
  actionpack (4.1.9) lib/action_dispatch/middleware/reloader.rb:73:in `call'
  actionpack (4.1.9) lib/action_dispatch/middleware/remote_ip.rb:76:in `call'
  actionpack (4.1.9) lib/action_dispatch/middleware/debug_exceptions.rb:17:in `call'
  actionpack (4.1.9) lib/action_dispatch/middleware/show_exceptions.rb:30:in `call'
  railties (4.1.9) lib/rails/rack/logger.rb:38:in `call_app'
  railties (4.1.9) lib/rails/rack/logger.rb:20:in `block in call'
  activesupport (4.1.9) lib/active_support/tagged_logging.rb:68:in `block in tagged'
  activesupport (4.1.9) lib/active_support/tagged_logging.rb:26:in `tagged'
  activesupport (4.1.9) lib/active_support/tagged_logging.rb:68:in `tagged'
  railties (4.1.9) lib/rails/rack/logger.rb:20:in `call'
  actionpack (4.1.9) lib/action_dispatch/middleware/request_id.rb:21:in `call'
  rack (1.5.2) lib/rack/methodoverride.rb:21:in `call'
  rack (1.5.2) lib/rack/runtime.rb:17:in `call'
  activesupport (4.1.9) lib/active_support/cache/strategy/local_cache_middleware.rb:26:in `call'
  rack (1.5.2) lib/rack/lock.rb:17:in `call'
  actionpack (4.1.9) lib/action_dispatch/middleware/static.rb:84:in `call'
  rack (1.5.2) lib/rack/sendfile.rb:112:in `call'
  railties (4.1.9) lib/rails/engine.rb:514:in `call'
  railties (4.1.9) lib/rails/application.rb:144:in `call'
  rack (1.5.2) lib/rack/lock.rb:17:in `call'
  rack (1.5.2) lib/rack/content_length.rb:14:in `call'
  rack (1.5.2) lib/rack/handler/webrick.rb:60:in `service'
  /home/action/.rvm/rubies/ruby-2.1.2/lib/ruby/2.1.0/webrick/httpserver.rb:138:in `service'
  /home/action/.rvm/rubies/ruby-2.1.2/lib/ruby/2.1.0/webrick/httpserver.rb:94:in `run'
  /home/action/.rvm/rubies/ruby-2.1.2/lib/ruby/2.1.0/webrick/server.rb:295:in `block in start_thread'


  Rendered /home/action/.rvm/gems/ruby-2.1.2/gems/actionpack-4.1.9/lib/action_dispatch/middleware/templates/rescues/_trace.html.erb (2.1ms)
  Rendered /home/action/.rvm/gems/ruby-2.1.2/gems/actionpack-4.1.9/lib/action_dispatch/middleware/templates/routes/_route.html.erb (4.6ms)
  Rendered /home/action/.rvm/gems/ruby-2.1.2/gems/actionpack-4.1.9/lib/action_dispatch/middleware/templates/routes/_table.html.erb (22.3ms)
  Rendered /home/action/.rvm/gems/ruby-2.1.2/gems/actionpack-4.1.9/lib/action_dispatch/middleware/templates/rescues/routing_error.html.erb within rescues/layout (110.0ms)


Started GET "/" for 99.127.48.217 at 2015-03-09 23:11:54 +0000

ActionController::RoutingError (uninitialized constant CategoryController):
  activesupport (4.1.9) lib/active_support/inflector/methods.rb:238:in `const_get'
  activesupport (4.1.9) lib/active_support/inflector/methods.rb:238:in `block in constantize'
  activesupport (4.1.9) lib/active_support/inflector/methods.rb:236:in `each'
  activesupport (4.1.9) lib/active_support/inflector/methods.rb:236:in `inject'
  activesupport (4.1.9) lib/active_support/inflector/methods.rb:236:in `constantize'
  actionpack (4.1.9) lib/action_dispatch/routing/route_set.rb:78:in `controller_reference'
  actionpack (4.1.9) lib/action_dispatch/routing/route_set.rb:68:in `controller'
  actionpack (4.1.9) lib/action_dispatch/routing/route_set.rb:46:in `call'
  actionpack (4.1.9) lib/action_dispatch/journey/router.rb:73:in `block in call'
  actionpack (4.1.9) lib/action_dispatch/journey/router.rb:59:in `each'
  actionpack (4.1.9) lib/action_dispatch/journey/router.rb:59:in `call'
  actionpack (4.1.9) lib/action_dispatch/routing/route_set.rb:685:in `call'
  warden (1.2.3) lib/warden/manager.rb:35:in `block in call'
  warden (1.2.3) lib/warden/manager.rb:34:in `catch'
  warden (1.2.3) lib/warden/manager.rb:34:in `call'
  rack (1.5.2) lib/rack/etag.rb:23:in `call'
  rack (1.5.2) lib/rack/conditionalget.rb:25:in `call'
  rack (1.5.2) lib/rack/head.rb:11:in `call'
  actionpack (4.1.9) lib/action_dispatch/middleware/params_parser.rb:27:in `call'
  actionpack (4.1.9) lib/action_dispatch/middleware/flash.rb:254:in `call'
  rack (1.5.2) lib/rack/session/abstract/id.rb:225:in `context'
  rack (1.5.2) lib/rack/session/abstract/id.rb:220:in `call'
  actionpack (4.1.9) lib/action_dispatch/middleware/cookies.rb:562:in `call'
  activerecord (4.1.9) lib/active_record/query_cache.rb:36:in `call'
  activerecord (4.1.9) lib/active_record/connection_adapters/abstract/connection_pool.rb:621:in `call'
  activerecord (4.1.9) lib/active_record/migration.rb:380:in `call'
  actionpack (4.1.9) lib/action_dispatch/middleware/callbacks.rb:29:in `block in call'
  activesupport (4.1.9) lib/active_support/callbacks.rb:82:in `run_callbacks'
  actionpack (4.1.9) lib/action_dispatch/middleware/callbacks.rb:27:in `call'
  actionpack (4.1.9) lib/action_dispatch/middleware/reloader.rb:73:in `call'
  actionpack (4.1.9) lib/action_dispatch/middleware/remote_ip.rb:76:in `call'
  actionpack (4.1.9) lib/action_dispatch/middleware/debug_exceptions.rb:17:in `call'
  actionpack (4.1.9) lib/action_dispatch/middleware/show_exceptions.rb:30:in `call'
  railties (4.1.9) lib/rails/rack/logger.rb:38:in `call_app'
  railties (4.1.9) lib/rails/rack/logger.rb:20:in `block in call'
  activesupport (4.1.9) lib/active_support/tagged_logging.rb:68:in `block in tagged'
  activesupport (4.1.9) lib/active_support/tagged_logging.rb:26:in `tagged'
  activesupport (4.1.9) lib/active_support/tagged_logging.rb:68:in `tagged'
  railties (4.1.9) lib/rails/rack/logger.rb:20:in `call'
  actionpack (4.1.9) lib/action_dispatch/middleware/request_id.rb:21:in `call'
  rack (1.5.2) lib/rack/methodoverride.rb:21:in `call'
  rack (1.5.2) lib/rack/runtime.rb:17:in `call'
  activesupport (4.1.9) lib/active_support/cache/strategy/local_cache_middleware.rb:26:in `call'
  rack (1.5.2) lib/rack/lock.rb:17:in `call'
  actionpack (4.1.9) lib/action_dispatch/middleware/static.rb:84:in `call'
  rack (1.5.2) lib/rack/sendfile.rb:112:in `call'
  railties (4.1.9) lib/rails/engine.rb:514:in `call'
  railties (4.1.9) lib/rails/application.rb:144:in `call'
  rack (1.5.2) lib/rack/lock.rb:17:in `call'
  rack (1.5.2) lib/rack/content_length.rb:14:in `call'
  rack (1.5.2) lib/rack/handler/webrick.rb:60:in `service'
  /home/action/.rvm/rubies/ruby-2.1.2/lib/ruby/2.1.0/webrick/httpserver.rb:138:in `service'
  /home/action/.rvm/rubies/ruby-2.1.2/lib/ruby/2.1.0/webrick/httpserver.rb:94:in `run'
  /home/action/.rvm/rubies/ruby-2.1.2/lib/ruby/2.1.0/webrick/server.rb:295:in `block in start_thread'


  Rendered /home/action/.rvm/gems/ruby-2.1.2/gems/actionpack-4.1.9/lib/action_dispatch/middleware/templates/rescues/_trace.html.erb (36.0ms)
  Rendered /home/action/.rvm/gems/ruby-2.1.2/gems/actionpack-4.1.9/lib/action_dispatch/middleware/templates/routes/_route.html.erb (6.8ms)
  Rendered /home/action/.rvm/gems/ruby-2.1.2/gems/actionpack-4.1.9/lib/action_dispatch/middleware/templates/routes/_table.html.erb (1.6ms)
  Rendered /home/action/.rvm/gems/ruby-2.1.2/gems/actionpack-4.1.9/lib/action_dispatch/middleware/templates/rescues/routing_error.html.erb within rescues/layout (114.7ms)


Started GET "/" for 99.127.48.217 at 2015-03-09 23:12:17 +0000

SyntaxError (/home/action/code/DoNow/app/controllers/categories_controller.rb:28: syntax error, unexpected end-of-input, expecting keyword_end):
  app/controllers/categories_controller.rb:28: syntax error, unexpected end-of-input, expecting keyword_end


  Rendered /home/action/.rvm/gems/ruby-2.1.2/gems/actionpack-4.1.9/lib/action_dispatch/middleware/templates/rescues/_source.erb (0.7ms)
  Rendered /home/action/.rvm/gems/ruby-2.1.2/gems/actionpack-4.1.9/lib/action_dispatch/middleware/templates/rescues/_trace.html.erb (1.5ms)
  Rendered /home/action/.rvm/gems/ruby-2.1.2/gems/actionpack-4.1.9/lib/action_dispatch/middleware/templates/rescues/_request_and_response.html.erb (20.3ms)
  Rendered /home/action/.rvm/gems/ruby-2.1.2/gems/actionpack-4.1.9/lib/action_dispatch/middleware/templates/rescues/diagnostics.erb within rescues/layout (42.1ms)


Started GET "/" for 99.127.48.217 at 2015-03-09 23:12:50 +0000
Processing by CategoriesController#index as HTML
  Rendered categories/index.html.erb within layouts/application (0.4ms)
Completed 200 OK in 7485ms (Views: 7481.5ms | ActiveRecord: 0.0ms)


Started GET "/assets/categories.css?body=1" for 99.127.48.217 at 2015-03-09 23:12:58 +0000


Started GET "/assets/comments.css?body=1" for 99.127.48.217 at 2015-03-09 23:12:58 +0000


Started GET "/assets/steps.css?body=1" for 99.127.48.217 at 2015-03-09 23:12:58 +0000


Started GET "/assets/application.css?body=1" for 99.127.48.217 at 2015-03-09 23:12:58 +0000


Started GET "/assets/jquery.js?body=1" for 99.127.48.217 at 2015-03-09 23:12:58 +0000


Started GET "/assets/todos.css?body=1" for 99.127.48.217 at 2015-03-09 23:12:58 +0000


Started GET "/assets/categories.js?body=1" for 99.127.48.217 at 2015-03-09 23:12:58 +0000


Started GET "/assets/jquery_ujs.js?body=1" for 99.127.48.217 at 2015-03-09 23:12:58 +0000


Started GET "/assets/turbolinks.js?body=1" for 99.127.48.217 at 2015-03-09 23:12:58 +0000


Started GET "/assets/bootstrap.js?body=1" for 99.127.48.217 at 2015-03-09 23:12:58 +0000


Started GET "/assets/comments.js?body=1" for 99.127.48.217 at 2015-03-09 23:12:58 +0000


Started GET "/assets/application.js?body=1" for 99.127.48.217 at 2015-03-09 23:12:58 +0000


Started GET "/assets/todos.js?body=1" for 99.127.48.217 at 2015-03-09 23:12:58 +0000


Started GET "/assets/steps.js?body=1" for 99.127.48.217 at 2015-03-09 23:12:58 +0000


Started GET "/" for 99.127.48.217 at 2015-03-09 23:25:51 +0000
Processing by CategoriesController#index as HTML
  Rendered categories/index.html.erb within layouts/application (0.1ms)
Completed 200 OK in 114ms (Views: 112.7ms | ActiveRecord: 0.0ms)


Started GET "/assets/categories.css?body=1" for 99.127.48.217 at 2015-03-09 23:25:51 +0000


Started GET "/assets/comments.css?body=1" for 99.127.48.217 at 2015-03-09 23:25:51 +0000


Started GET "/assets/steps.css?body=1" for 99.127.48.217 at 2015-03-09 23:25:51 +0000


Started GET "/assets/application.css?body=1" for 99.127.48.217 at 2015-03-09 23:25:51 +0000


Started GET "/assets/todos.css?body=1" for 99.127.48.217 at 2015-03-09 23:25:51 +0000


Started GET "/assets/categories.js?body=1" for 99.127.48.217 at 2015-03-09 23:25:51 +0000


Started GET "/assets/comments.js?body=1" for 99.127.48.217 at 2015-03-09 23:25:51 +0000


Started GET "/assets/steps.js?body=1" for 99.127.48.217 at 2015-03-09 23:25:51 +0000


Started GET "/assets/todos.js?body=1" for 99.127.48.217 at 2015-03-09 23:25:51 +0000


Started GET "/assets/application.js?body=1" for 99.127.48.217 at 2015-03-09 23:25:51 +0000


Started GET "/" for 99.127.48.217 at 2015-03-09 23:26:00 +0000
Processing by CategoriesController#index as HTML
  Rendered categories/index.html.erb within layouts/application (0.7ms)
Completed 500 Internal Server Error in 4ms

SyntaxError (/home/action/code/DoNow/app/views/categories/index.html.erb:8: syntax error, unexpected keyword_ensure, expecting keyword_end
/home/action/code/DoNow/app/views/categories/index.html.erb:10: syntax error, unexpected end-of-input, expecting keyword_end):
  app/views/categories/index.html.erb:8: syntax error, unexpected keyword_ensure, expecting keyword_end
  app/views/categories/index.html.erb:10: syntax error, unexpected end-of-input, expecting keyword_end


  Rendered /home/action/.rvm/gems/ruby-2.1.2/gems/actionpack-4.1.9/lib/action_dispatch/middleware/templates/rescues/_source.erb (0.6ms)
  Rendered /home/action/.rvm/gems/ruby-2.1.2/gems/actionpack-4.1.9/lib/action_dispatch/middleware/templates/rescues/_trace.html.erb (1.5ms)
  Rendered /home/action/.rvm/gems/ruby-2.1.2/gems/actionpack-4.1.9/lib/action_dispatch/middleware/templates/rescues/_request_and_response.html.erb (1.0ms)
  Rendered /home/action/.rvm/gems/ruby-2.1.2/gems/actionpack-4.1.9/lib/action_dispatch/middleware/templates/rescues/diagnostics.erb within rescues/layout (21.6ms)


Started GET "/" for 99.127.48.217 at 2015-03-09 23:26:32 +0000
Processing by CategoriesController#index as HTML
  [1m[35mCategory Load (0.7ms)[0m  SELECT "categories".* FROM "categories"   ORDER BY created_at ASC
  Rendered categories/index.html.erb within layouts/application (2.3ms)
Completed 200 OK in 169ms (Views: 167.7ms | ActiveRecord: 0.7ms)


Started GET "/assets/categories.css?body=1" for 99.127.48.217 at 2015-03-09 23:26:33 +0000


Started GET "/assets/comments.css?body=1" for 99.127.48.217 at 2015-03-09 23:26:33 +0000


Started GET "/assets/steps.css?body=1" for 99.127.48.217 at 2015-03-09 23:26:33 +0000


Started GET "/assets/todos.css?body=1" for 99.127.48.217 at 2015-03-09 23:26:33 +0000


Started GET "/assets/comments.js?body=1" for 99.127.48.217 at 2015-03-09 23:26:33 +0000


Started GET "/assets/categories.js?body=1" for 99.127.48.217 at 2015-03-09 23:26:33 +0000


Started GET "/assets/steps.js?body=1" for 99.127.48.217 at 2015-03-09 23:26:33 +0000


Started GET "/assets/todos.js?body=1" for 99.127.48.217 at 2015-03-09 23:26:33 +0000


Started GET "/assets/application.js?body=1" for 99.127.48.217 at 2015-03-09 23:26:33 +0000


Started GET "/" for 99.127.48.217 at 2015-03-09 23:39:17 +0000
Processing by CategoriesController#index as HTML
  [1m[36mCategory Load (0.2ms)[0m  [1mSELECT "categories".* FROM "categories"   ORDER BY created_at ASC[0m
  Rendered categories/index.html.erb within layouts/application (2.1ms)
Completed 200 OK in 141ms (Views: 139.6ms | ActiveRecord: 0.2ms)


Started GET "/assets/categories.css?body=1" for 99.127.48.217 at 2015-03-09 23:39:17 +0000


Started GET "/assets/todos.css?body=1" for 99.127.48.217 at 2015-03-09 23:39:17 +0000


Started GET "/assets/comments.css?body=1" for 99.127.48.217 at 2015-03-09 23:39:17 +0000


Started GET "/assets/steps.css?body=1" for 99.127.48.217 at 2015-03-09 23:39:17 +0000


Started GET "/assets/categories.js?body=1" for 99.127.48.217 at 2015-03-09 23:39:17 +0000


Started GET "/assets/application.css?body=1" for 99.127.48.217 at 2015-03-09 23:39:17 +0000


Started GET "/assets/comments.js?body=1" for 99.127.48.217 at 2015-03-09 23:39:17 +0000


Started GET "/assets/steps.js?body=1" for 99.127.48.217 at 2015-03-09 23:39:17 +0000


Started GET "/assets/todos.js?body=1" for 99.127.48.217 at 2015-03-09 23:39:17 +0000


Started GET "/assets/application.js?body=1" for 99.127.48.217 at 2015-03-09 23:39:17 +0000


Started GET "/assets/categories.css?body=1" for 99.127.48.217 at 2015-03-09 23:39:25 +0000


Started GET "/assets/comments.css?body=1" for 99.127.48.217 at 2015-03-09 23:39:25 +0000


Started GET "/assets/todos.css?body=1" for 99.127.48.217 at 2015-03-09 23:39:25 +0000


Started GET "/assets/steps.css?body=1" for 99.127.48.217 at 2015-03-09 23:39:25 +0000


Started GET "/" for 99.127.48.217 at 2015-03-09 23:40:13 +0000
Processing by CategoriesController#index as HTML
  [1m[35mCategory Load (0.2ms)[0m  SELECT "categories".* FROM "categories"   ORDER BY created_at ASC
  Rendered categories/index.html.erb within layouts/application (1.6ms)
Completed 200 OK in 121ms (Views: 119.9ms | ActiveRecord: 0.2ms)


Started GET "/assets/comments.css?body=1" for 99.127.48.217 at 2015-03-09 23:40:13 +0000


Started GET "/assets/categories.css?body=1" for 99.127.48.217 at 2015-03-09 23:40:13 +0000


Started GET "/assets/steps.css?body=1" for 99.127.48.217 at 2015-03-09 23:40:13 +0000


Started GET "/assets/todos.css?body=1" for 99.127.48.217 at 2015-03-09 23:40:13 +0000


Started GET "/assets/categories.js?body=1" for 99.127.48.217 at 2015-03-09 23:40:13 +0000


Started GET "/assets/comments.js?body=1" for 99.127.48.217 at 2015-03-09 23:40:13 +0000


Started GET "/assets/steps.js?body=1" for 99.127.48.217 at 2015-03-09 23:40:13 +0000


Started GET "/assets/todos.js?body=1" for 99.127.48.217 at 2015-03-09 23:40:13 +0000


Started GET "/assets/application.js?body=1" for 99.127.48.217 at 2015-03-09 23:40:13 +0000


Started GET "/" for 99.127.48.217 at 2015-03-09 23:41:47 +0000
Processing by CategoriesController#index as HTML
  [1m[36mCategory Load (0.2ms)[0m  [1mSELECT "categories".* FROM "categories"   ORDER BY created_at ASC[0m
  Rendered categories/index.html.erb within layouts/application (1.0ms)
Completed 200 OK in 136ms (Views: 135.4ms | ActiveRecord: 0.2ms)


Started GET "/assets/comments.css?body=1" for 99.127.48.217 at 2015-03-09 23:41:47 +0000


Started GET "/assets/steps.css?body=1" for 99.127.48.217 at 2015-03-09 23:41:47 +0000


Started GET "/assets/todos.css?body=1" for 99.127.48.217 at 2015-03-09 23:41:47 +0000


Started GET "/assets/categories.css?body=1" for 99.127.48.217 at 2015-03-09 23:41:47 +0000


Started GET "/assets/categories.js?body=1" for 99.127.48.217 at 2015-03-09 23:41:47 +0000


Started GET "/assets/comments.js?body=1" for 99.127.48.217 at 2015-03-09 23:41:47 +0000


Started GET "/assets/steps.js?body=1" for 99.127.48.217 at 2015-03-09 23:41:48 +0000


Started GET "/assets/todos.js?body=1" for 99.127.48.217 at 2015-03-09 23:41:48 +0000


Started GET "/assets/application.js?body=1" for 99.127.48.217 at 2015-03-09 23:41:48 +0000


Started GET "/" for 99.127.48.217 at 2015-03-09 23:44:08 +0000
Processing by CategoriesController#index as HTML
  [1m[35mCategory Load (0.2ms)[0m  SELECT "categories".* FROM "categories"   ORDER BY created_at ASC
  Rendered categories/index.html.erb within layouts/application (1.0ms)
Completed 200 OK in 118ms (Views: 117.1ms | ActiveRecord: 0.2ms)


Started GET "/assets/categories.css?body=1" for 99.127.48.217 at 2015-03-09 23:44:08 +0000


Started GET "/assets/comments.css?body=1" for 99.127.48.217 at 2015-03-09 23:44:08 +0000


Started GET "/assets/todos.css?body=1" for 99.127.48.217 at 2015-03-09 23:44:08 +0000


Started GET "/assets/categories.js?body=1" for 99.127.48.217 at 2015-03-09 23:44:08 +0000


Started GET "/assets/steps.css?body=1" for 99.127.48.217 at 2015-03-09 23:44:08 +0000


Started GET "/assets/comments.js?body=1" for 99.127.48.217 at 2015-03-09 23:44:08 +0000


Started GET "/assets/steps.js?body=1" for 99.127.48.217 at 2015-03-09 23:44:08 +0000


Started GET "/assets/todos.js?body=1" for 99.127.48.217 at 2015-03-09 23:44:08 +0000


Started GET "/assets/application.js?body=1" for 99.127.48.217 at 2015-03-09 23:44:08 +0000


Started GET "/" for 99.127.48.217 at 2015-03-09 23:44:17 +0000
Processing by CategoriesController#index as HTML
  [1m[36mCategory Load (0.2ms)[0m  [1mSELECT "categories".* FROM "categories"   ORDER BY created_at ASC[0m
  Rendered categories/index.html.erb within layouts/application (1.0ms)
Completed 200 OK in 110ms (Views: 108.7ms | ActiveRecord: 0.2ms)


Started GET "/assets/categories.css?body=1" for 99.127.48.217 at 2015-03-09 23:44:17 +0000


Started GET "/assets/comments.css?body=1" for 99.127.48.217 at 2015-03-09 23:44:17 +0000


Started GET "/assets/steps.css?body=1" for 99.127.48.217 at 2015-03-09 23:44:17 +0000


Started GET "/assets/todos.css?body=1" for 99.127.48.217 at 2015-03-09 23:44:17 +0000


Started GET "/assets/application.css?body=1" for 99.127.48.217 at 2015-03-09 23:44:17 +0000


Started GET "/assets/jquery.js?body=1" for 99.127.48.217 at 2015-03-09 23:44:17 +0000


Started GET "/assets/jquery_ujs.js?body=1" for 99.127.48.217 at 2015-03-09 23:44:17 +0000


Started GET "/assets/bootstrap.js?body=1" for 99.127.48.217 at 2015-03-09 23:44:17 +0000


Started GET "/assets/turbolinks.js?body=1" for 99.127.48.217 at 2015-03-09 23:44:17 +0000


Started GET "/assets/categories.js?body=1" for 99.127.48.217 at 2015-03-09 23:44:17 +0000


Started GET "/assets/comments.js?body=1" for 99.127.48.217 at 2015-03-09 23:44:17 +0000


Started GET "/assets/steps.js?body=1" for 99.127.48.217 at 2015-03-09 23:44:17 +0000


Started GET "/assets/todos.js?body=1" for 99.127.48.217 at 2015-03-09 23:44:17 +0000


Started GET "/assets/application.js?body=1" for 99.127.48.217 at 2015-03-09 23:44:17 +0000


Started GET "/" for 99.127.48.217 at 2015-03-09 23:44:58 +0000
Processing by CategoriesController#index as HTML
  [1m[35mCategory Load (0.4ms)[0m  SELECT "categories".* FROM "categories"   ORDER BY created_at ASC
  Rendered categories/index.html.erb within layouts/application (1.9ms)
Completed 200 OK in 141ms (Views: 140.1ms | ActiveRecord: 0.4ms)


Started GET "/" for 99.127.48.217 at 2015-03-09 23:46:28 +0000
Processing by CategoriesController#index as HTML
  [1m[36mCategory Load (0.3ms)[0m  [1mSELECT "categories".* FROM "categories"   ORDER BY created_at ASC[0m
  Rendered categories/index.html.erb within layouts/application (1.6ms)
Completed 200 OK in 120ms (Views: 119.1ms | ActiveRecord: 0.3ms)


Started GET "/" for 99.127.48.217 at 2015-03-09 23:47:32 +0000
Processing by CategoriesController#index as HTML
  [1m[35mCategory Load (0.2ms)[0m  SELECT "categories".* FROM "categories"   ORDER BY created_at ASC
  Rendered categories/index.html.erb within layouts/application (0.9ms)
Completed 200 OK in 120ms (Views: 118.9ms | ActiveRecord: 0.2ms)


Started GET "/" for 99.127.48.217 at 2015-03-09 23:49:05 +0000
Processing by CategoriesController#index as HTML
  [1m[36mCategory Load (0.3ms)[0m  [1mSELECT "categories".* FROM "categories"   ORDER BY created_at ASC[0m
  Rendered categories/index.html.erb within layouts/application (1.0ms)
Completed 200 OK in 111ms (Views: 109.9ms | ActiveRecord: 0.3ms)


Started GET "/categories/new" for 99.127.48.217 at 2015-03-09 23:51:05 +0000
Processing by CategoriesController#new as HTML
  Rendered categories/new.html.erb within layouts/application (0.4ms)
Completed 200 OK in 157ms (Views: 154.7ms | ActiveRecord: 0.5ms)


Started GET "/categories/new" for 99.127.48.217 at 2015-03-09 23:51:52 +0000
Processing by CategoriesController#new as HTML
  Rendered categories/new.html.erb within layouts/application (0.1ms)
Completed 200 OK in 117ms (Views: 116.0ms | ActiveRecord: 0.0ms)


Started GET "/categories/new" for 99.127.48.217 at 2015-03-10 00:13:03 +0000
Processing by CategoriesController#new as HTML
  Rendered categories/new.html.erb within layouts/application (0.4ms)
Completed 500 Internal Server Error in 119ms

ActionView::Template::Error (undefined local variable or method `urgent_path' for #<#<Class:0x00000006148a60>:0x000000047cda18>):
    12:     <div class="col-md-2">
    13:       <ul class="nav nav-tabs nav-stacked">
    14:         <li><%= link_to "<i class='fa fa-home'></i> Home".html_safe, root_path %></li>
    15:         <li><%= link_to "<i class='fa fa-exclamation-triangle'></i> Urgent To-Dos".html_safe, urgent_path %></li>
    16:        
    17:       </ul>
    18:         
  app/views/layouts/application.html.erb:15:in `_app_views_layouts_application_html_erb___54416317839649302_37588840'


  Rendered /home/action/.rvm/gems/ruby-2.1.2/gems/actionpack-4.1.9/lib/action_dispatch/middleware/templates/rescues/_trace.html.erb (1.3ms)
  Rendered /home/action/.rvm/gems/ruby-2.1.2/gems/actionpack-4.1.9/lib/action_dispatch/middleware/templates/rescues/_request_and_response.html.erb (0.9ms)
  Rendered /home/action/.rvm/gems/ruby-2.1.2/gems/actionpack-4.1.9/lib/action_dispatch/middleware/templates/rescues/template_error.html.erb within rescues/layout (15.8ms)


Started GET "/categories/new" for 99.127.48.217 at 2015-03-10 00:13:19 +0000
Processing by CategoriesController#new as HTML
  Rendered categories/new.html.erb within layouts/application (0.1ms)
Completed 200 OK in 130ms (Views: 129.0ms | ActiveRecord: 0.0ms)


Started GET "/assets/categories.css?body=1" for 99.127.48.217 at 2015-03-10 00:13:19 +0000


Started GET "/assets/comments.css?body=1" for 99.127.48.217 at 2015-03-10 00:13:19 +0000


Started GET "/assets/steps.css?body=1" for 99.127.48.217 at 2015-03-10 00:13:19 +0000


Started GET "/assets/todos.css?body=1" for 99.127.48.217 at 2015-03-10 00:13:19 +0000


Started GET "/assets/application.css?body=1" for 99.127.48.217 at 2015-03-10 00:13:19 +0000


Started GET "/assets/categories.js?body=1" for 99.127.48.217 at 2015-03-10 00:13:19 +0000


Started GET "/assets/comments.js?body=1" for 99.127.48.217 at 2015-03-10 00:13:19 +0000


Started GET "/assets/steps.js?body=1" for 99.127.48.217 at 2015-03-10 00:13:19 +0000


Started GET "/assets/todos.js?body=1" for 99.127.48.217 at 2015-03-10 00:13:20 +0000


Started GET "/assets/application.js?body=1" for 99.127.48.217 at 2015-03-10 00:13:20 +0000


Started GET "/" for 99.127.48.217 at 2015-03-10 00:13:25 +0000
Processing by CategoriesController#index as HTML
  [1m[35mCategory Load (0.3ms)[0m  SELECT "categories".* FROM "categories"   ORDER BY created_at ASC
  Rendered categories/index.html.erb within layouts/application (1.5ms)
Completed 200 OK in 116ms (Views: 115.4ms | ActiveRecord: 0.3ms)


Started GET "/" for 99.127.48.217 at 2015-03-10 00:15:02 +0000
Processing by CategoriesController#index as HTML
  [1m[36mCategory Load (0.2ms)[0m  [1mSELECT "categories".* FROM "categories"   ORDER BY created_at ASC[0m
  Rendered categories/index.html.erb within layouts/application (1.5ms)
Completed 200 OK in 2212ms (Views: 2211.0ms | ActiveRecord: 0.2ms)


Started GET "/assets/categories.css?body=1" for 99.127.48.217 at 2015-03-10 00:15:05 +0000


Started GET "/assets/comments.css?body=1" for 99.127.48.217 at 2015-03-10 00:15:05 +0000


Started GET "/assets/steps.css?body=1" for 99.127.48.217 at 2015-03-10 00:15:05 +0000


Started GET "/assets/todos.css?body=1" for 99.127.48.217 at 2015-03-10 00:15:05 +0000


Started GET "/assets/categories.js?body=1" for 99.127.48.217 at 2015-03-10 00:15:05 +0000


Started GET "/assets/comments.js?body=1" for 99.127.48.217 at 2015-03-10 00:15:05 +0000


Started GET "/assets/steps.js?body=1" for 99.127.48.217 at 2015-03-10 00:15:05 +0000


Started GET "/assets/todos.js?body=1" for 99.127.48.217 at 2015-03-10 00:15:05 +0000


Started GET "/assets/application.js?body=1" for 99.127.48.217 at 2015-03-10 00:15:05 +0000


Started GET "/" for 99.127.48.217 at 2015-03-10 00:15:18 +0000
Processing by CategoriesController#index as HTML
  [1m[35mCategory Load (0.2ms)[0m  SELECT "categories".* FROM "categories"   ORDER BY created_at ASC
  Rendered categories/index.html.erb within layouts/application (1.0ms)
Completed 200 OK in 113ms (Views: 112.3ms | ActiveRecord: 0.2ms)


Started GET "/assets/categories.css?body=1" for 99.127.48.217 at 2015-03-10 00:15:19 +0000


Started GET "/assets/comments.css?body=1" for 99.127.48.217 at 2015-03-10 00:15:19 +0000


Started GET "/assets/todos.css?body=1" for 99.127.48.217 at 2015-03-10 00:15:19 +0000


Started GET "/assets/steps.css?body=1" for 99.127.48.217 at 2015-03-10 00:15:19 +0000


Started GET "/assets/application.css?body=1" for 99.127.48.217 at 2015-03-10 00:15:19 +0000


Started GET "/assets/jquery.js?body=1" for 99.127.48.217 at 2015-03-10 00:15:19 +0000


Started GET "/assets/jquery_ujs.js?body=1" for 99.127.48.217 at 2015-03-10 00:15:19 +0000


Started GET "/assets/turbolinks.js?body=1" for 99.127.48.217 at 2015-03-10 00:15:19 +0000


Started GET "/assets/bootstrap.js?body=1" for 99.127.48.217 at 2015-03-10 00:15:19 +0000


Started GET "/assets/categories.js?body=1" for 99.127.48.217 at 2015-03-10 00:15:19 +0000


Started GET "/assets/comments.js?body=1" for 99.127.48.217 at 2015-03-10 00:15:19 +0000


Started GET "/assets/steps.js?body=1" for 99.127.48.217 at 2015-03-10 00:15:19 +0000


Started GET "/assets/todos.js?body=1" for 99.127.48.217 at 2015-03-10 00:15:19 +0000


Started GET "/assets/application.js?body=1" for 99.127.48.217 at 2015-03-10 00:15:19 +0000


Started GET "/" for 99.127.48.217 at 2015-03-10 00:15:32 +0000
Processing by CategoriesController#index as HTML
  [1m[36mCategory Load (0.3ms)[0m  [1mSELECT "categories".* FROM "categories"   ORDER BY created_at ASC[0m
  Rendered categories/index.html.erb within layouts/application (1.0ms)
Completed 200 OK in 2046ms (Views: 2045.4ms | ActiveRecord: 0.3ms)


Started GET "/assets/application.css?body=1" for 99.127.48.217 at 2015-03-10 00:15:34 +0000


Started GET "/" for 99.127.48.217 at 2015-03-10 00:15:45 +0000
Processing by CategoriesController#index as HTML
  [1m[35mCategory Load (0.2ms)[0m  SELECT "categories".* FROM "categories"   ORDER BY created_at ASC
  Rendered categories/index.html.erb within layouts/application (0.9ms)
Completed 200 OK in 2286ms (Views: 2284.7ms | ActiveRecord: 0.2ms)


Started GET "/assets/application.css?body=1" for 99.127.48.217 at 2015-03-10 00:15:48 +0000


Started GET "/" for 99.127.48.217 at 2015-03-10 00:16:23 +0000
Processing by CategoriesController#index as HTML
  [1m[36mCategory Load (0.3ms)[0m  [1mSELECT "categories".* FROM "categories"   ORDER BY created_at ASC[0m
  Rendered categories/index.html.erb within layouts/application (1.0ms)
Completed 200 OK in 129ms (Views: 127.9ms | ActiveRecord: 0.3ms)


Started GET "/assets/application.css?body=1" for 99.127.48.217 at 2015-03-10 00:16:23 +0000


Started GET "/assets/application.css?body=1" for 99.127.48.217 at 2015-03-10 00:16:57 +0000


Started GET "/" for 99.127.48.217 at 2015-03-10 00:17:37 +0000
Processing by CategoriesController#index as HTML
  [1m[35mCategory Load (0.3ms)[0m  SELECT "categories".* FROM "categories"   ORDER BY created_at ASC
  Rendered categories/index.html.erb within layouts/application (1.0ms)
Completed 200 OK in 125ms (Views: 123.8ms | ActiveRecord: 0.3ms)


Started GET "/assets/categories.css?body=1" for 99.127.48.217 at 2015-03-10 00:17:38 +0000


Started GET "/assets/comments.css?body=1" for 99.127.48.217 at 2015-03-10 00:17:38 +0000


Started GET "/assets/steps.css?body=1" for 99.127.48.217 at 2015-03-10 00:17:38 +0000


Started GET "/assets/todos.css?body=1" for 99.127.48.217 at 2015-03-10 00:17:38 +0000


Started GET "/assets/application.css?body=1" for 99.127.48.217 at 2015-03-10 00:17:38 +0000


Started GET "/assets/jquery.js?body=1" for 99.127.48.217 at 2015-03-10 00:17:38 +0000


Started GET "/assets/jquery_ujs.js?body=1" for 99.127.48.217 at 2015-03-10 00:17:38 +0000


Started GET "/assets/turbolinks.js?body=1" for 99.127.48.217 at 2015-03-10 00:17:38 +0000


Started GET "/assets/bootstrap.js?body=1" for 99.127.48.217 at 2015-03-10 00:17:38 +0000


Started GET "/assets/categories.js?body=1" for 99.127.48.217 at 2015-03-10 00:17:38 +0000


Started GET "/assets/comments.js?body=1" for 99.127.48.217 at 2015-03-10 00:17:38 +0000


Started GET "/assets/steps.js?body=1" for 99.127.48.217 at 2015-03-10 00:17:38 +0000


Started GET "/assets/todos.js?body=1" for 99.127.48.217 at 2015-03-10 00:17:38 +0000


Started GET "/assets/application.js?body=1" for 99.127.48.217 at 2015-03-10 00:17:38 +0000


Started GET "/" for 99.127.48.217 at 2015-03-10 00:18:47 +0000
Processing by CategoriesController#index as HTML
  [1m[36mCategory Load (0.2ms)[0m  [1mSELECT "categories".* FROM "categories"   ORDER BY created_at ASC[0m
  Rendered categories/index.html.erb within layouts/application (1.0ms)
Completed 200 OK in 2238ms (Views: 2236.9ms | ActiveRecord: 0.2ms)


Started GET "/assets/categories.css?body=1" for 99.127.48.217 at 2015-03-10 00:18:49 +0000


Started GET "/assets/steps.css?body=1" for 99.127.48.217 at 2015-03-10 00:18:49 +0000


Started GET "/assets/comments.css?body=1" for 99.127.48.217 at 2015-03-10 00:18:49 +0000


Started GET "/assets/todos.css?body=1" for 99.127.48.217 at 2015-03-10 00:18:49 +0000


Started GET "/assets/application.css?body=1" for 99.127.48.217 at 2015-03-10 00:18:49 +0000


Started GET "/assets/categories.js?body=1" for 99.127.48.217 at 2015-03-10 00:18:49 +0000


Started GET "/assets/comments.js?body=1" for 99.127.48.217 at 2015-03-10 00:18:49 +0000


Started GET "/assets/steps.js?body=1" for 99.127.48.217 at 2015-03-10 00:18:49 +0000


Started GET "/assets/todos.js?body=1" for 99.127.48.217 at 2015-03-10 00:18:49 +0000


Started GET "/assets/application.js?body=1" for 99.127.48.217 at 2015-03-10 00:18:49 +0000


Started GET "/" for 99.127.48.217 at 2015-03-10 00:20:05 +0000
Processing by CategoriesController#index as HTML
  [1m[35mCategory Load (0.2ms)[0m  SELECT "categories".* FROM "categories"   ORDER BY created_at ASC
  Rendered categories/index.html.erb within layouts/application (1.0ms)
Completed 200 OK in 115ms (Views: 114.4ms | ActiveRecord: 0.2ms)


Started GET "/assets/comments.css?body=1" for 99.127.48.217 at 2015-03-10 00:20:05 +0000


Started GET "/assets/steps.css?body=1" for 99.127.48.217 at 2015-03-10 00:20:05 +0000


Started GET "/assets/categories.css?body=1" for 99.127.48.217 at 2015-03-10 00:20:06 +0000


Started GET "/assets/application.css?body=1" for 99.127.48.217 at 2015-03-10 00:20:06 +0000


Started GET "/assets/todos.css?body=1" for 99.127.48.217 at 2015-03-10 00:20:06 +0000


Started GET "/assets/categories.js?body=1" for 99.127.48.217 at 2015-03-10 00:20:06 +0000


Started GET "/assets/comments.js?body=1" for 99.127.48.217 at 2015-03-10 00:20:06 +0000


Started GET "/assets/steps.js?body=1" for 99.127.48.217 at 2015-03-10 00:20:06 +0000


Started GET "/assets/todos.js?body=1" for 99.127.48.217 at 2015-03-10 00:20:06 +0000


Started GET "/assets/application.js?body=1" for 99.127.48.217 at 2015-03-10 00:20:06 +0000


Started GET "/" for 99.127.48.217 at 2015-03-10 00:21:03 +0000
Processing by CategoriesController#index as HTML
  [1m[36mCategory Load (0.2ms)[0m  [1mSELECT "categories".* FROM "categories"   ORDER BY created_at ASC[0m
  Rendered categories/index.html.erb within layouts/application (1.0ms)
Completed 200 OK in 126ms (Views: 125.0ms | ActiveRecord: 0.2ms)


Started GET "/assets/categories.css?body=1" for 99.127.48.217 at 2015-03-10 00:21:03 +0000


Started GET "/assets/steps.css?body=1" for 99.127.48.217 at 2015-03-10 00:21:03 +0000


Started GET "/assets/todos.css?body=1" for 99.127.48.217 at 2015-03-10 00:21:03 +0000


Started GET "/assets/comments.css?body=1" for 99.127.48.217 at 2015-03-10 00:21:03 +0000


Started GET "/assets/categories.js?body=1" for 99.127.48.217 at 2015-03-10 00:21:03 +0000


Started GET "/assets/application.css?body=1" for 99.127.48.217 at 2015-03-10 00:21:03 +0000


Started GET "/assets/comments.js?body=1" for 99.127.48.217 at 2015-03-10 00:21:03 +0000


Started GET "/assets/steps.js?body=1" for 99.127.48.217 at 2015-03-10 00:21:03 +0000


Started GET "/assets/todos.js?body=1" for 99.127.48.217 at 2015-03-10 00:21:03 +0000


Started GET "/assets/application.js?body=1" for 99.127.48.217 at 2015-03-10 00:21:03 +0000


Started GET "/" for 99.127.48.217 at 2015-03-10 00:21:21 +0000
Processing by CategoriesController#index as HTML
  [1m[35mCategory Load (0.2ms)[0m  SELECT "categories".* FROM "categories"   ORDER BY created_at ASC
  Rendered categories/index.html.erb within layouts/application (0.9ms)
Completed 200 OK in 112ms (Views: 110.7ms | ActiveRecord: 0.2ms)


Started GET "/assets/categories.css?body=1" for 99.127.48.217 at 2015-03-10 00:21:22 +0000


Started GET "/assets/todos.css?body=1" for 99.127.48.217 at 2015-03-10 00:21:22 +0000


Started GET "/assets/steps.css?body=1" for 99.127.48.217 at 2015-03-10 00:21:22 +0000


Started GET "/assets/application.css?body=1" for 99.127.48.217 at 2015-03-10 00:21:22 +0000


Started GET "/assets/comments.css?body=1" for 99.127.48.217 at 2015-03-10 00:21:22 +0000


Started GET "/assets/categories.js?body=1" for 99.127.48.217 at 2015-03-10 00:21:22 +0000


Started GET "/assets/comments.js?body=1" for 99.127.48.217 at 2015-03-10 00:21:22 +0000


Started GET "/assets/steps.js?body=1" for 99.127.48.217 at 2015-03-10 00:21:22 +0000


Started GET "/assets/todos.js?body=1" for 99.127.48.217 at 2015-03-10 00:21:22 +0000


Started GET "/assets/application.js?body=1" for 99.127.48.217 at 2015-03-10 00:21:22 +0000


Started GET "/" for 99.127.48.217 at 2015-03-10 00:21:32 +0000
Processing by CategoriesController#index as HTML
  [1m[36mCategory Load (0.2ms)[0m  [1mSELECT "categories".* FROM "categories"   ORDER BY created_at ASC[0m
  Rendered categories/index.html.erb within layouts/application (0.9ms)
Completed 200 OK in 116ms (Views: 114.9ms | ActiveRecord: 0.2ms)


Started GET "/assets/comments.css?body=1" for 99.127.48.217 at 2015-03-10 00:21:33 +0000


Started GET "/assets/steps.css?body=1" for 99.127.48.217 at 2015-03-10 00:21:33 +0000


Started GET "/assets/todos.css?body=1" for 99.127.48.217 at 2015-03-10 00:21:33 +0000


Started GET "/assets/categories.css?body=1" for 99.127.48.217 at 2015-03-10 00:21:33 +0000


Started GET "/assets/categories.js?body=1" for 99.127.48.217 at 2015-03-10 00:21:33 +0000


Started GET "/assets/comments.js?body=1" for 99.127.48.217 at 2015-03-10 00:21:33 +0000


Started GET "/assets/steps.js?body=1" for 99.127.48.217 at 2015-03-10 00:21:33 +0000


Started GET "/assets/todos.js?body=1" for 99.127.48.217 at 2015-03-10 00:21:33 +0000


Started GET "/assets/application.js?body=1" for 99.127.48.217 at 2015-03-10 00:21:33 +0000


Started GET "/" for 99.127.48.217 at 2015-03-10 00:23:00 +0000
Processing by CategoriesController#index as HTML
  [1m[35mCategory Load (0.2ms)[0m  SELECT "categories".* FROM "categories"   ORDER BY created_at ASC
  Rendered categories/index.html.erb within layouts/application (0.9ms)
Completed 200 OK in 118ms (Views: 117.2ms | ActiveRecord: 0.2ms)


Started GET "/assets/categories.css?body=1" for 99.127.48.217 at 2015-03-10 00:23:00 +0000


Started GET "/assets/comments.css?body=1" for 99.127.48.217 at 2015-03-10 00:23:00 +0000


Started GET "/assets/steps.css?body=1" for 99.127.48.217 at 2015-03-10 00:23:00 +0000


Started GET "/assets/todos.css?body=1" for 99.127.48.217 at 2015-03-10 00:23:00 +0000


Started GET "/assets/application.css?body=1" for 99.127.48.217 at 2015-03-10 00:23:00 +0000


Started GET "/assets/categories.js?body=1" for 99.127.48.217 at 2015-03-10 00:23:00 +0000


Started GET "/assets/comments.js?body=1" for 99.127.48.217 at 2015-03-10 00:23:00 +0000


Started GET "/assets/steps.js?body=1" for 99.127.48.217 at 2015-03-10 00:23:00 +0000


Started GET "/assets/todos.js?body=1" for 99.127.48.217 at 2015-03-10 00:23:00 +0000


Started GET "/assets/application.js?body=1" for 99.127.48.217 at 2015-03-10 00:23:00 +0000


Started GET "/categories/new" for 99.127.48.217 at 2015-03-10 00:23:12 +0000
Processing by CategoriesController#new as HTML
  Rendered categories/new.html.erb within layouts/application (0.0ms)
Completed 200 OK in 117ms (Views: 116.2ms | ActiveRecord: 0.0ms)


Started GET "/categories/new" for 99.127.48.217 at 2015-03-10 00:29:13 +0000
Processing by CategoriesController#new as HTML
  Rendered categories/new.html.erb within layouts/application (100.2ms)
Completed 200 OK in 235ms (Views: 234.0ms | ActiveRecord: 0.0ms)


Started GET "/assets/categories.css?body=1" for 99.127.48.217 at 2015-03-10 00:29:13 +0000


Started GET "/assets/comments.css?body=1" for 99.127.48.217 at 2015-03-10 00:29:13 +0000


Started GET "/assets/steps.css?body=1" for 99.127.48.217 at 2015-03-10 00:29:13 +0000


Started GET "/assets/todos.css?body=1" for 99.127.48.217 at 2015-03-10 00:29:13 +0000


Started GET "/assets/categories.js?body=1" for 99.127.48.217 at 2015-03-10 00:29:13 +0000


Started GET "/assets/application.css?body=1" for 99.127.48.217 at 2015-03-10 00:29:13 +0000


Started GET "/assets/comments.js?body=1" for 99.127.48.217 at 2015-03-10 00:29:13 +0000


Started GET "/assets/steps.js?body=1" for 99.127.48.217 at 2015-03-10 00:29:13 +0000


Started GET "/assets/todos.js?body=1" for 99.127.48.217 at 2015-03-10 00:29:13 +0000


Started GET "/assets/application.js?body=1" for 99.127.48.217 at 2015-03-10 00:29:13 +0000


Started GET "/categories/new" for 99.127.48.217 at 2015-03-10 00:30:57 +0000
Processing by CategoriesController#new as HTML
  Rendered categories/new.html.erb within layouts/application (2.6ms)
Completed 500 Internal Server Error in 6ms

ActionView::Template::Error (undefined method `name' for #<Category id: nil, title: nil, created_at: nil, updated_at: nil>):
    3: <div class="col-md-8">
    4:   <%= form_for @category do |f| %>
    5:   <%= f.label :name %>
    6:   <%= f.text_field :name, class: 'form-control', placeholder: "Put Your Amazing Name Here" %>
    7:   <%= f.submit "Add Category", class: 'btn btn-success' %>
    8:   
    9:   <%end %>
  app/views/categories/new.html.erb:6:in `block in _app_views_categories_new_html_erb__1574667439316832957_70147502459940'
  app/views/categories/new.html.erb:4:in `_app_views_categories_new_html_erb__1574667439316832957_70147502459940'


  Rendered /home/action/.rvm/gems/ruby-2.1.2/gems/actionpack-4.1.9/lib/action_dispatch/middleware/templates/rescues/_trace.html.erb (1.3ms)
  Rendered /home/action/.rvm/gems/ruby-2.1.2/gems/actionpack-4.1.9/lib/action_dispatch/middleware/templates/rescues/_request_and_response.html.erb (1.1ms)
  Rendered /home/action/.rvm/gems/ruby-2.1.2/gems/actionpack-4.1.9/lib/action_dispatch/middleware/templates/rescues/template_error.html.erb within rescues/layout (16.4ms)


Started GET "/categories/new" for 99.127.48.217 at 2015-03-10 00:32:03 +0000
Processing by CategoriesController#new as HTML
  Rendered categories/new.html.erb within layouts/application (2.5ms)
Completed 500 Internal Server Error in 6ms

ActionView::Template::Error (undefined method `category_name' for #<Category id: nil, title: nil, created_at: nil, updated_at: nil>):
    3: <div class="col-md-8">
    4:   <%= form_for @category do |f| %>
    5:   <%= f.label :category_name %>
    6:   <%= f.text_field :category_name, class: 'form-control', placeholder: "Put Your Amazing Name Here" %>
    7:   <%= f.submit "Add Category", class: 'btn btn-success' %>
    8:   
    9:   <%end %>
  app/views/categories/new.html.erb:6:in `block in _app_views_categories_new_html_erb__1574667439316832957_70147501692220'
  app/views/categories/new.html.erb:4:in `_app_views_categories_new_html_erb__1574667439316832957_70147501692220'


  Rendered /home/action/.rvm/gems/ruby-2.1.2/gems/actionpack-4.1.9/lib/action_dispatch/middleware/templates/rescues/_trace.html.erb (1.5ms)
  Rendered /home/action/.rvm/gems/ruby-2.1.2/gems/actionpack-4.1.9/lib/action_dispatch/middleware/templates/rescues/_request_and_response.html.erb (1.0ms)
  Rendered /home/action/.rvm/gems/ruby-2.1.2/gems/actionpack-4.1.9/lib/action_dispatch/middleware/templates/rescues/template_error.html.erb within rescues/layout (16.4ms)


Started GET "/categories/new" for 99.127.48.217 at 2015-03-10 00:32:25 +0000
Processing by CategoriesController#new as HTML
  Rendered categories/new.html.erb within layouts/application (2.5ms)
Completed 500 Internal Server Error in 6ms

ActionView::Template::Error (undefined method `name' for #<Category id: nil, title: nil, created_at: nil, updated_at: nil>):
    3: <div class="col-md-8">
    4:   <%= form_for @category do |f| %>
    5:   <%= f.label :category_name %>
    6:   <%= f.text_field :name, class: 'form-control', placeholder: "Put Your Amazing Name Here" %>
    7:   <%= f.submit "Add Category", class: 'btn btn-success' %>
    8:   
    9:   <%end %>
  app/views/categories/new.html.erb:6:in `block in _app_views_categories_new_html_erb__1574667439316832957_70147500927180'
  app/views/categories/new.html.erb:4:in `_app_views_categories_new_html_erb__1574667439316832957_70147500927180'


  Rendered /home/action/.rvm/gems/ruby-2.1.2/gems/actionpack-4.1.9/lib/action_dispatch/middleware/templates/rescues/_trace.html.erb (1.5ms)
  Rendered /home/action/.rvm/gems/ruby-2.1.2/gems/actionpack-4.1.9/lib/action_dispatch/middleware/templates/rescues/_request_and_response.html.erb (1.0ms)
  Rendered /home/action/.rvm/gems/ruby-2.1.2/gems/actionpack-4.1.9/lib/action_dispatch/middleware/templates/rescues/template_error.html.erb within rescues/layout (16.6ms)


Started GET "/categories/new" for 99.127.48.217 at 2015-03-10 00:32:50 +0000
Processing by CategoriesController#new as HTML
  Rendered categories/new.html.erb within layouts/application (1.9ms)
Completed 200 OK in 118ms (Views: 117.4ms | ActiveRecord: 0.0ms)


Started GET "/assets/categories.css?body=1" for 99.127.48.217 at 2015-03-10 00:32:50 +0000


Started GET "/assets/comments.css?body=1" for 99.127.48.217 at 2015-03-10 00:32:50 +0000


Started GET "/assets/steps.css?body=1" for 99.127.48.217 at 2015-03-10 00:32:50 +0000


Started GET "/assets/todos.css?body=1" for 99.127.48.217 at 2015-03-10 00:32:50 +0000


Started GET "/assets/application.css?body=1" for 99.127.48.217 at 2015-03-10 00:32:50 +0000


Started GET "/assets/categories.js?body=1" for 99.127.48.217 at 2015-03-10 00:32:50 +0000


Started GET "/assets/comments.js?body=1" for 99.127.48.217 at 2015-03-10 00:32:50 +0000


Started GET "/assets/steps.js?body=1" for 99.127.48.217 at 2015-03-10 00:32:50 +0000


Started GET "/assets/todos.js?body=1" for 99.127.48.217 at 2015-03-10 00:32:50 +0000


Started GET "/assets/application.js?body=1" for 99.127.48.217 at 2015-03-10 00:32:50 +0000


Started GET "/categories/new" for 99.127.48.217 at 2015-03-10 00:33:04 +0000
Processing by CategoriesController#new as HTML
  Rendered categories/new.html.erb within layouts/application (2.0ms)
Completed 200 OK in 117ms (Views: 116.5ms | ActiveRecord: 0.0ms)


Started GET "/assets/categories.css?body=1" for 99.127.48.217 at 2015-03-10 00:33:05 +0000


Started GET "/assets/comments.css?body=1" for 99.127.48.217 at 2015-03-10 00:33:05 +0000


Started GET "/assets/steps.css?body=1" for 99.127.48.217 at 2015-03-10 00:33:05 +0000


Started GET "/assets/todos.css?body=1" for 99.127.48.217 at 2015-03-10 00:33:05 +0000


Started GET "/assets/categories.js?body=1" for 99.127.48.217 at 2015-03-10 00:33:05 +0000


Started GET "/assets/comments.js?body=1" for 99.127.48.217 at 2015-03-10 00:33:05 +0000


Started GET "/assets/steps.js?body=1" for 99.127.48.217 at 2015-03-10 00:33:05 +0000


Started GET "/assets/todos.js?body=1" for 99.127.48.217 at 2015-03-10 00:33:05 +0000


Started GET "/assets/application.js?body=1" for 99.127.48.217 at 2015-03-10 00:33:05 +0000


Started POST "/categories" for 99.127.48.217 at 2015-03-10 00:34:06 +0000
Processing by CategoriesController#create as HTML
  Parameters: {"utf8"=>"✓", "authenticity_token"=>"QQdYSmff+Ns6d0ifJiGkPAi77YdcdpKDs0fuaNk02u8=", "category"=>{"title"=>"Sandwiches"}, "commit"=>"Add Category"}
Completed 500 Internal Server Error in 4ms

NameError (undefined local variable or method `category' for #<CategoriesController:0x007f9908eca5b0>):
  app/controllers/categories_controller.rb:11:in `create'


  Rendered /home/action/.rvm/gems/ruby-2.1.2/gems/actionpack-4.1.9/lib/action_dispatch/middleware/templates/rescues/_source.erb (0.8ms)
  Rendered /home/action/.rvm/gems/ruby-2.1.2/gems/actionpack-4.1.9/lib/action_dispatch/middleware/templates/rescues/_trace.html.erb (1.3ms)
  Rendered /home/action/.rvm/gems/ruby-2.1.2/gems/actionpack-4.1.9/lib/action_dispatch/middleware/templates/rescues/_request_and_response.html.erb (1.0ms)
  Rendered /home/action/.rvm/gems/ruby-2.1.2/gems/actionpack-4.1.9/lib/action_dispatch/middleware/templates/rescues/diagnostics.erb within rescues/layout (26.4ms)


Started GET "/categories" for 99.127.48.217 at 2015-03-10 00:35:12 +0000

SyntaxError (/home/action/code/DoNow/app/controllers/categories_controller.rb:33: syntax error, unexpected '-', expecting ';' or '\n'
def category-params
             ^
/home/action/code/DoNow/app/controllers/categories_controller.rb:35: syntax error, unexpected keyword_end, expecting end-of-input):
  app/controllers/categories_controller.rb:33: syntax error, unexpected '-', expecting ';' or '\n'
  app/controllers/categories_controller.rb:35: syntax error, unexpected keyword_end, expecting end-of-input


  Rendered /home/action/.rvm/gems/ruby-2.1.2/gems/actionpack-4.1.9/lib/action_dispatch/middleware/templates/rescues/_source.erb (0.6ms)
  Rendered /home/action/.rvm/gems/ruby-2.1.2/gems/actionpack-4.1.9/lib/action_dispatch/middleware/templates/rescues/_trace.html.erb (1.2ms)
  Rendered /home/action/.rvm/gems/ruby-2.1.2/gems/actionpack-4.1.9/lib/action_dispatch/middleware/templates/rescues/_request_and_response.html.erb (1.2ms)
  Rendered /home/action/.rvm/gems/ruby-2.1.2/gems/actionpack-4.1.9/lib/action_dispatch/middleware/templates/rescues/diagnostics.erb within rescues/layout (22.0ms)


Started GET "/categories" for 99.127.48.217 at 2015-03-10 00:36:02 +0000
Processing by CategoriesController#index as HTML
  [1m[36mCategory Load (0.6ms)[0m  [1mSELECT "categories".* FROM "categories"   ORDER BY created_at ASC[0m
  Rendered categories/index.html.erb within layouts/application (1.6ms)
Completed 200 OK in 132ms (Views: 127.2ms | ActiveRecord: 0.6ms)


Started GET "/assets/categories.css?body=1" for 99.127.48.217 at 2015-03-10 00:36:02 +0000


Started GET "/assets/comments.css?body=1" for 99.127.48.217 at 2015-03-10 00:36:02 +0000


Started GET "/assets/steps.css?body=1" for 99.127.48.217 at 2015-03-10 00:36:02 +0000


Started GET "/assets/todos.css?body=1" for 99.127.48.217 at 2015-03-10 00:36:02 +0000


Started GET "/assets/categories.js?body=1" for 99.127.48.217 at 2015-03-10 00:36:02 +0000


Started GET "/assets/application.css?body=1" for 99.127.48.217 at 2015-03-10 00:36:02 +0000


Started GET "/assets/comments.js?body=1" for 99.127.48.217 at 2015-03-10 00:36:02 +0000


Started GET "/assets/steps.js?body=1" for 99.127.48.217 at 2015-03-10 00:36:02 +0000


Started GET "/assets/todos.js?body=1" for 99.127.48.217 at 2015-03-10 00:36:02 +0000


Started GET "/assets/application.js?body=1" for 99.127.48.217 at 2015-03-10 00:36:02 +0000


Started GET "/categories/new" for 99.127.48.217 at 2015-03-10 00:36:08 +0000
Processing by CategoriesController#new as HTML
  Rendered categories/new.html.erb within layouts/application (4.6ms)
Completed 200 OK in 121ms (Views: 119.7ms | ActiveRecord: 0.4ms)


Started POST "/categories" for 99.127.48.217 at 2015-03-10 00:36:15 +0000
Processing by CategoriesController#create as HTML
  Parameters: {"utf8"=>"✓", "authenticity_token"=>"QQdYSmff+Ns6d0ifJiGkPAi77YdcdpKDs0fuaNk02u8=", "category"=>{"title"=>"Sandwiches"}, "commit"=>"Add Category"}
Completed 500 Internal Server Error in 4ms

NameError (undefined local variable or method `category' for #<CategoriesController:0x007f98f973acc8>):
  app/controllers/categories_controller.rb:34:in `category_params'
  app/controllers/categories_controller.rb:11:in `create'


  Rendered /home/action/.rvm/gems/ruby-2.1.2/gems/actionpack-4.1.9/lib/action_dispatch/middleware/templates/rescues/_source.erb (0.7ms)
  Rendered /home/action/.rvm/gems/ruby-2.1.2/gems/actionpack-4.1.9/lib/action_dispatch/middleware/templates/rescues/_trace.html.erb (1.2ms)
  Rendered /home/action/.rvm/gems/ruby-2.1.2/gems/actionpack-4.1.9/lib/action_dispatch/middleware/templates/rescues/_request_and_response.html.erb (1.1ms)
  Rendered /home/action/.rvm/gems/ruby-2.1.2/gems/actionpack-4.1.9/lib/action_dispatch/middleware/templates/rescues/diagnostics.erb within rescues/layout (25.4ms)


Started GET "/categories" for 99.127.48.217 at 2015-03-10 00:36:58 +0000
Processing by CategoriesController#index as HTML
  [1m[35mCategory Load (0.6ms)[0m  SELECT "categories".* FROM "categories"   ORDER BY created_at ASC
  Rendered categories/index.html.erb within layouts/application (1.7ms)
Completed 200 OK in 125ms (Views: 120.7ms | ActiveRecord: 0.6ms)


Started GET "/assets/categories.css?body=1" for 99.127.48.217 at 2015-03-10 00:36:58 +0000


Started GET "/assets/comments.css?body=1" for 99.127.48.217 at 2015-03-10 00:36:58 +0000


Started GET "/assets/todos.css?body=1" for 99.127.48.217 at 2015-03-10 00:36:58 +0000


Started GET "/assets/steps.css?body=1" for 99.127.48.217 at 2015-03-10 00:36:58 +0000


Started GET "/assets/categories.js?body=1" for 99.127.48.217 at 2015-03-10 00:36:58 +0000


Started GET "/assets/comments.js?body=1" for 99.127.48.217 at 2015-03-10 00:36:58 +0000


Started GET "/assets/steps.js?body=1" for 99.127.48.217 at 2015-03-10 00:36:58 +0000


Started GET "/assets/application.js?body=1" for 99.127.48.217 at 2015-03-10 00:36:58 +0000


Started GET "/assets/todos.js?body=1" for 99.127.48.217 at 2015-03-10 00:36:58 +0000


Started GET "/categories/new" for 99.127.48.217 at 2015-03-10 00:37:00 +0000
Processing by CategoriesController#new as HTML
  Rendered categories/new.html.erb within layouts/application (5.0ms)
Completed 200 OK in 133ms (Views: 131.0ms | ActiveRecord: 0.5ms)


Started POST "/categories" for 99.127.48.217 at 2015-03-10 00:37:04 +0000
Processing by CategoriesController#create as HTML
  Parameters: {"utf8"=>"✓", "authenticity_token"=>"QQdYSmff+Ns6d0ifJiGkPAi77YdcdpKDs0fuaNk02u8=", "category"=>{"title"=>"Sandwiches"}, "commit"=>"Add Category"}
Completed 400 Bad Request in 1ms

ActionController::ParameterMissing (param is missing or the value is empty: ):
  app/controllers/categories_controller.rb:34:in `category_params'
  app/controllers/categories_controller.rb:11:in `create'


  Rendered /home/action/.rvm/gems/ruby-2.1.2/gems/actionpack-4.1.9/lib/action_dispatch/middleware/templates/rescues/_source.erb (0.7ms)
  Rendered /home/action/.rvm/gems/ruby-2.1.2/gems/actionpack-4.1.9/lib/action_dispatch/middleware/templates/rescues/_trace.html.erb (1.2ms)
  Rendered /home/action/.rvm/gems/ruby-2.1.2/gems/actionpack-4.1.9/lib/action_dispatch/middleware/templates/rescues/_request_and_response.html.erb (1.0ms)
  Rendered /home/action/.rvm/gems/ruby-2.1.2/gems/actionpack-4.1.9/lib/action_dispatch/middleware/templates/rescues/diagnostics.erb within rescues/layout (22.1ms)


Started GET "/categories" for 99.127.48.217 at 2015-03-10 00:37:33 +0000
Processing by CategoriesController#index as HTML
  [1m[36mCategory Load (0.6ms)[0m  [1mSELECT "categories".* FROM "categories"   ORDER BY created_at ASC[0m
  Rendered categories/index.html.erb within layouts/application (1.7ms)
Completed 200 OK in 126ms (Views: 121.8ms | ActiveRecord: 0.6ms)


Started GET "/assets/categories.css?body=1" for 99.127.48.217 at 2015-03-10 00:37:33 +0000


Started GET "/assets/comments.css?body=1" for 99.127.48.217 at 2015-03-10 00:37:33 +0000


Started GET "/assets/steps.css?body=1" for 99.127.48.217 at 2015-03-10 00:37:33 +0000


Started GET "/assets/todos.css?body=1" for 99.127.48.217 at 2015-03-10 00:37:33 +0000


Started GET "/assets/categories.js?body=1" for 99.127.48.217 at 2015-03-10 00:37:33 +0000


Started GET "/assets/comments.js?body=1" for 99.127.48.217 at 2015-03-10 00:37:33 +0000


Started GET "/assets/steps.js?body=1" for 99.127.48.217 at 2015-03-10 00:37:33 +0000


Started GET "/assets/todos.js?body=1" for 99.127.48.217 at 2015-03-10 00:37:33 +0000


Started GET "/assets/application.js?body=1" for 99.127.48.217 at 2015-03-10 00:37:33 +0000


Started GET "/categories/new" for 99.127.48.217 at 2015-03-10 00:37:35 +0000
Processing by CategoriesController#new as HTML
  Rendered categories/new.html.erb within layouts/application (4.2ms)
Completed 200 OK in 120ms (Views: 118.1ms | ActiveRecord: 0.4ms)


Started POST "/categories" for 99.127.48.217 at 2015-03-10 00:37:39 +0000
Processing by CategoriesController#create as HTML
  Parameters: {"utf8"=>"✓", "authenticity_token"=>"QQdYSmff+Ns6d0ifJiGkPAi77YdcdpKDs0fuaNk02u8=", "category"=>{"title"=>"Sandwiches"}, "commit"=>"Add Category"}
Completed 500 Internal Server Error in 4ms

NameError (undefined local variable or method `categories' for #<CategoriesController:0x007f98f95113c0>):
  app/controllers/categories_controller.rb:34:in `category_params'
  app/controllers/categories_controller.rb:11:in `create'


  Rendered /home/action/.rvm/gems/ruby-2.1.2/gems/actionpack-4.1.9/lib/action_dispatch/middleware/templates/rescues/_source.erb (0.7ms)
  Rendered /home/action/.rvm/gems/ruby-2.1.2/gems/actionpack-4.1.9/lib/action_dispatch/middleware/templates/rescues/_trace.html.erb (1.8ms)
  Rendered /home/action/.rvm/gems/ruby-2.1.2/gems/actionpack-4.1.9/lib/action_dispatch/middleware/templates/rescues/_request_and_response.html.erb (1.5ms)
  Rendered /home/action/.rvm/gems/ruby-2.1.2/gems/actionpack-4.1.9/lib/action_dispatch/middleware/templates/rescues/diagnostics.erb within rescues/layout (29.1ms)


Started GET "/categories" for 99.127.48.217 at 2015-03-10 00:38:19 +0000
Processing by CategoriesController#index as HTML
  [1m[35mCategory Load (0.7ms)[0m  SELECT "categories".* FROM "categories"   ORDER BY created_at ASC
  Rendered categories/index.html.erb within layouts/application (1.8ms)
Completed 200 OK in 125ms (Views: 121.2ms | ActiveRecord: 0.7ms)


Started GET "/assets/categories.css?body=1" for 99.127.48.217 at 2015-03-10 00:38:19 +0000


Started GET "/assets/comments.css?body=1" for 99.127.48.217 at 2015-03-10 00:38:19 +0000


Started GET "/assets/steps.css?body=1" for 99.127.48.217 at 2015-03-10 00:38:19 +0000


Started GET "/assets/todos.css?body=1" for 99.127.48.217 at 2015-03-10 00:38:19 +0000


Started GET "/assets/application.css?body=1" for 99.127.48.217 at 2015-03-10 00:38:19 +0000


Started GET "/assets/categories.js?body=1" for 99.127.48.217 at 2015-03-10 00:38:19 +0000


Started GET "/assets/comments.js?body=1" for 99.127.48.217 at 2015-03-10 00:38:19 +0000


Started GET "/assets/steps.js?body=1" for 99.127.48.217 at 2015-03-10 00:38:19 +0000


Started GET "/assets/todos.js?body=1" for 99.127.48.217 at 2015-03-10 00:38:19 +0000


Started GET "/assets/application.js?body=1" for 99.127.48.217 at 2015-03-10 00:38:19 +0000


Started GET "/categories/new" for 99.127.48.217 at 2015-03-10 00:38:20 +0000
Processing by CategoriesController#new as HTML
  Rendered categories/new.html.erb within layouts/application (4.0ms)
Completed 200 OK in 119ms (Views: 117.7ms | ActiveRecord: 0.4ms)


Started POST "/categories" for 99.127.48.217 at 2015-03-10 00:38:23 +0000
Processing by CategoriesController#create as HTML
  Parameters: {"utf8"=>"✓", "authenticity_token"=>"QQdYSmff+Ns6d0ifJiGkPAi77YdcdpKDs0fuaNk02u8=", "category"=>{"title"=>"Sandwiches"}, "commit"=>"Add Category"}
Completed 500 Internal Server Error in 4ms

NameError (undefined local variable or method `category' for #<CategoriesController:0x00000004eea760>):
  app/controllers/categories_controller.rb:34:in `category_params'
  app/controllers/categories_controller.rb:11:in `create'


  Rendered /home/action/.rvm/gems/ruby-2.1.2/gems/actionpack-4.1.9/lib/action_dispatch/middleware/templates/rescues/_source.erb (0.8ms)
  Rendered /home/action/.rvm/gems/ruby-2.1.2/gems/actionpack-4.1.9/lib/action_dispatch/middleware/templates/rescues/_trace.html.erb (1.2ms)
  Rendered /home/action/.rvm/gems/ruby-2.1.2/gems/actionpack-4.1.9/lib/action_dispatch/middleware/templates/rescues/_request_and_response.html.erb (1.0ms)
  Rendered /home/action/.rvm/gems/ruby-2.1.2/gems/actionpack-4.1.9/lib/action_dispatch/middleware/templates/rescues/diagnostics.erb within rescues/layout (35.5ms)


Started GET "/categories" for 99.127.48.217 at 2015-03-10 00:38:51 +0000
Processing by CategoriesController#index as HTML
  [1m[36mCategory Load (0.6ms)[0m  [1mSELECT "categories".* FROM "categories"   ORDER BY created_at ASC[0m
  Rendered categories/index.html.erb within layouts/application (1.7ms)
Completed 200 OK in 116ms (Views: 112.0ms | ActiveRecord: 0.6ms)


Started GET "/assets/categories.css?body=1" for 99.127.48.217 at 2015-03-10 00:38:51 +0000


Started GET "/assets/comments.css?body=1" for 99.127.48.217 at 2015-03-10 00:38:51 +0000


Started GET "/assets/todos.css?body=1" for 99.127.48.217 at 2015-03-10 00:38:51 +0000


Started GET "/assets/steps.css?body=1" for 99.127.48.217 at 2015-03-10 00:38:51 +0000


Started GET "/assets/categories.js?body=1" for 99.127.48.217 at 2015-03-10 00:38:51 +0000


Started GET "/assets/comments.js?body=1" for 99.127.48.217 at 2015-03-10 00:38:51 +0000


Started GET "/assets/steps.js?body=1" for 99.127.48.217 at 2015-03-10 00:38:51 +0000


Started GET "/assets/todos.js?body=1" for 99.127.48.217 at 2015-03-10 00:38:51 +0000


Started GET "/assets/application.js?body=1" for 99.127.48.217 at 2015-03-10 00:38:51 +0000


Started GET "/categories/new" for 99.127.48.217 at 2015-03-10 00:38:53 +0000
Processing by CategoriesController#new as HTML
  Rendered categories/new.html.erb within layouts/application (4.2ms)
Completed 200 OK in 124ms (Views: 122.0ms | ActiveRecord: 0.4ms)


Started POST "/categories" for 99.127.48.217 at 2015-03-10 00:38:55 +0000
Processing by CategoriesController#create as HTML
  Parameters: {"utf8"=>"✓", "authenticity_token"=>"QQdYSmff+Ns6d0ifJiGkPAi77YdcdpKDs0fuaNk02u8=", "category"=>{"title"=>"Sandwiches"}, "commit"=>"Add Category"}
  [1m[35m (0.1ms)[0m  begin transaction
  [1m[36mSQL (0.6ms)[0m  [1mINSERT INTO "categories" ("created_at", "title", "updated_at") VALUES (?, ?, ?)[0m  [["created_at", "2015-03-10 00:38:55.988605"], ["title", "Sandwiches"], ["updated_at", "2015-03-10 00:38:55.988605"]]
  [1m[35m (26.6ms)[0m  commit transaction
Redirected to http://supersonic-ghost-38-191175.usw1-2.nitrousbox.com/categories
Completed 302 Found in 51ms (ActiveRecord: 27.3ms)


Started GET "/categories" for 99.127.48.217 at 2015-03-10 00:38:56 +0000
Processing by CategoriesController#index as HTML
  [1m[36mCategory Load (0.3ms)[0m  [1mSELECT "categories".* FROM "categories"   ORDER BY created_at ASC[0m
  Rendered categories/index.html.erb within layouts/application (1.4ms)
Completed 200 OK in 114ms (Views: 113.3ms | ActiveRecord: 0.3ms)


Started GET "/assets/categories.css?body=1" for 99.127.48.217 at 2015-03-10 00:38:56 +0000


Started GET "/assets/comments.css?body=1" for 99.127.48.217 at 2015-03-10 00:38:56 +0000


Started GET "/assets/steps.css?body=1" for 99.127.48.217 at 2015-03-10 00:38:56 +0000


Started GET "/assets/todos.css?body=1" for 99.127.48.217 at 2015-03-10 00:38:56 +0000


Started GET "/assets/categories.js?body=1" for 99.127.48.217 at 2015-03-10 00:38:56 +0000


Started GET "/assets/comments.js?body=1" for 99.127.48.217 at 2015-03-10 00:38:56 +0000


Started GET "/assets/steps.js?body=1" for 99.127.48.217 at 2015-03-10 00:38:56 +0000


Started GET "/assets/todos.js?body=1" for 99.127.48.217 at 2015-03-10 00:38:56 +0000


Started GET "/assets/application.js?body=1" for 99.127.48.217 at 2015-03-10 00:38:56 +0000


Started GET "/categories/1" for 99.127.48.217 at 2015-03-10 00:39:06 +0000
Processing by CategoriesController#show as HTML
  Parameters: {"id"=>"1"}
Completed 500 Internal Server Error in 1ms

ArgumentError (wrong number of arguments (1 for 0)):
  app/controllers/categories_controller.rb:26:in `show'


  Rendered /home/action/.rvm/gems/ruby-2.1.2/gems/actionpack-4.1.9/lib/action_dispatch/middleware/templates/rescues/_source.erb (0.6ms)
  Rendered /home/action/.rvm/gems/ruby-2.1.2/gems/actionpack-4.1.9/lib/action_dispatch/middleware/templates/rescues/_trace.html.erb (1.1ms)
  Rendered /home/action/.rvm/gems/ruby-2.1.2/gems/actionpack-4.1.9/lib/action_dispatch/middleware/templates/rescues/_request_and_response.html.erb (1.0ms)
  Rendered /home/action/.rvm/gems/ruby-2.1.2/gems/actionpack-4.1.9/lib/action_dispatch/middleware/templates/rescues/diagnostics.erb within rescues/layout (21.3ms)


Started GET "/categories/1" for 99.127.48.217 at 2015-03-10 00:39:07 +0000
Processing by CategoriesController#show as HTML
  Parameters: {"id"=>"1"}
Completed 500 Internal Server Error in 1ms

ArgumentError (wrong number of arguments (1 for 0)):
  app/controllers/categories_controller.rb:26:in `show'


  Rendered /home/action/.rvm/gems/ruby-2.1.2/gems/actionpack-4.1.9/lib/action_dispatch/middleware/templates/rescues/_source.erb (0.7ms)
  Rendered /home/action/.rvm/gems/ruby-2.1.2/gems/actionpack-4.1.9/lib/action_dispatch/middleware/templates/rescues/_trace.html.erb (1.6ms)
  Rendered /home/action/.rvm/gems/ruby-2.1.2/gems/actionpack-4.1.9/lib/action_dispatch/middleware/templates/rescues/_request_and_response.html.erb (1.1ms)
  Rendered /home/action/.rvm/gems/ruby-2.1.2/gems/actionpack-4.1.9/lib/action_dispatch/middleware/templates/rescues/diagnostics.erb within rescues/layout (23.2ms)


Started GET "/categories/1" for 99.127.48.217 at 2015-03-10 00:39:53 +0000
Processing by CategoriesController#show as HTML
  Parameters: {"id"=>"1"}
Completed 500 Internal Server Error in 4ms

ArgumentError (wrong number of arguments (1 for 0)):
  app/controllers/categories_controller.rb:26:in `show'


  Rendered /home/action/.rvm/gems/ruby-2.1.2/gems/actionpack-4.1.9/lib/action_dispatch/middleware/templates/rescues/_source.erb (0.7ms)
  Rendered /home/action/.rvm/gems/ruby-2.1.2/gems/actionpack-4.1.9/lib/action_dispatch/middleware/templates/rescues/_trace.html.erb (1.3ms)
  Rendered /home/action/.rvm/gems/ruby-2.1.2/gems/actionpack-4.1.9/lib/action_dispatch/middleware/templates/rescues/_request_and_response.html.erb (1.0ms)
  Rendered /home/action/.rvm/gems/ruby-2.1.2/gems/actionpack-4.1.9/lib/action_dispatch/middleware/templates/rescues/diagnostics.erb within rescues/layout (22.0ms)


Started GET "/categories/1" for 99.127.48.217 at 2015-03-10 00:40:41 +0000
Processing by CategoriesController#show as HTML
  Parameters: {"id"=>"1"}
Completed 500 Internal Server Error in 3ms

ArgumentError (wrong number of arguments (1 for 0)):
  app/controllers/categories_controller.rb:26:in `show'


  Rendered /home/action/.rvm/gems/ruby-2.1.2/gems/actionpack-4.1.9/lib/action_dispatch/middleware/templates/rescues/_source.erb (0.6ms)
  Rendered /home/action/.rvm/gems/ruby-2.1.2/gems/actionpack-4.1.9/lib/action_dispatch/middleware/templates/rescues/_trace.html.erb (1.2ms)
  Rendered /home/action/.rvm/gems/ruby-2.1.2/gems/actionpack-4.1.9/lib/action_dispatch/middleware/templates/rescues/_request_and_response.html.erb (1.0ms)
  Rendered /home/action/.rvm/gems/ruby-2.1.2/gems/actionpack-4.1.9/lib/action_dispatch/middleware/templates/rescues/diagnostics.erb within rescues/layout (21.5ms)


Started GET "/categories/1" for 99.127.48.217 at 2015-03-10 00:40:58 +0000
Processing by CategoriesController#show as HTML
  Parameters: {"id"=>"1"}
  [1m[35mCategory Load (0.2ms)[0m  SELECT  "categories".* FROM "categories"  WHERE "categories"."id" = ? LIMIT 1  [["id", 1]]
  Rendered categories/show.html.erb within layouts/application (1.6ms)
Completed 200 OK in 229ms (Views: 149.1ms | ActiveRecord: 1.2ms)


Started GET "/assets/categories.css?body=1" for 99.127.48.217 at 2015-03-10 00:40:58 +0000


Started GET "/assets/steps.css?body=1" for 99.127.48.217 at 2015-03-10 00:40:58 +0000


Started GET "/assets/comments.css?body=1" for 99.127.48.217 at 2015-03-10 00:40:58 +0000


Started GET "/assets/todos.css?body=1" for 99.127.48.217 at 2015-03-10 00:40:58 +0000


Started GET "/assets/categories.js?body=1" for 99.127.48.217 at 2015-03-10 00:40:58 +0000


Started GET "/assets/application.css?body=1" for 99.127.48.217 at 2015-03-10 00:40:58 +0000


Started GET "/assets/comments.js?body=1" for 99.127.48.217 at 2015-03-10 00:40:59 +0000


Started GET "/assets/steps.js?body=1" for 99.127.48.217 at 2015-03-10 00:40:59 +0000


Started GET "/assets/todos.js?body=1" for 99.127.48.217 at 2015-03-10 00:40:59 +0000


Started GET "/assets/application.js?body=1" for 99.127.48.217 at 2015-03-10 00:40:59 +0000


Started GET "/categories/1" for 99.127.48.217 at 2015-03-10 00:48:37 +0000
Processing by CategoriesController#show as HTML
  Parameters: {"id"=>"1"}
  [1m[36mCategory Load (0.2ms)[0m  [1mSELECT  "categories".* FROM "categories"  WHERE "categories"."id" = ? LIMIT 1[0m  [["id", 1]]
  Rendered categories/show.html.erb within layouts/application (0.7ms)
Completed 500 Internal Server Error in 5ms

SyntaxError (/home/action/code/DoNow/app/views/categories/show.html.erb:14: syntax error, unexpected keyword_ensure, expecting keyword_end
/home/action/code/DoNow/app/views/categories/show.html.erb:16: syntax error, unexpected end-of-input, expecting keyword_end):
  app/views/categories/show.html.erb:14: syntax error, unexpected keyword_ensure, expecting keyword_end
  app/views/categories/show.html.erb:16: syntax error, unexpected end-of-input, expecting keyword_end


  Rendered /home/action/.rvm/gems/ruby-2.1.2/gems/actionpack-4.1.9/lib/action_dispatch/middleware/templates/rescues/_source.erb (0.6ms)
  Rendered /home/action/.rvm/gems/ruby-2.1.2/gems/actionpack-4.1.9/lib/action_dispatch/middleware/templates/rescues/_trace.html.erb (1.4ms)
  Rendered /home/action/.rvm/gems/ruby-2.1.2/gems/actionpack-4.1.9/lib/action_dispatch/middleware/templates/rescues/_request_and_response.html.erb (1.0ms)
  Rendered /home/action/.rvm/gems/ruby-2.1.2/gems/actionpack-4.1.9/lib/action_dispatch/middleware/templates/rescues/diagnostics.erb within rescues/layout (22.3ms)


Started GET "/categories/1" for 99.127.48.217 at 2015-03-10 00:49:01 +0000
Processing by CategoriesController#show as HTML
  Parameters: {"id"=>"1"}
  [1m[35mCategory Load (0.2ms)[0m  SELECT  "categories".* FROM "categories"  WHERE "categories"."id" = ? LIMIT 1  [["id", 1]]
  Rendered categories/show.html.erb within layouts/application (1.6ms)
Completed 500 Internal Server Error in 7ms

ActionView::Template::Error (undefined method `title' for nil:NilClass):
    1: <h1><%= @category.title %></h1>
    2: 
    3: <div class="row">
    4:   <%= link_to "Create Todo", new_category_todo_path, class: 'btn btn-info' %>
  app/views/categories/show.html.erb:1:in `_app_views_categories_show_html_erb__984293822272337215_53236880'


  Rendered /home/action/.rvm/gems/ruby-2.1.2/gems/actionpack-4.1.9/lib/action_dispatch/middleware/templates/rescues/_trace.html.erb (1.6ms)
  Rendered /home/action/.rvm/gems/ruby-2.1.2/gems/actionpack-4.1.9/lib/action_dispatch/middleware/templates/rescues/_request_and_response.html.erb (1.0ms)
  Rendered /home/action/.rvm/gems/ruby-2.1.2/gems/actionpack-4.1.9/lib/action_dispatch/middleware/templates/rescues/template_error.html.erb within rescues/layout (16.5ms)


Started GET "/categories/1" for 99.127.48.217 at 2015-03-10 00:50:49 +0000
Processing by CategoriesController#show as HTML
  Parameters: {"id"=>"1"}
  [1m[36mCategory Load (0.2ms)[0m  [1mSELECT  "categories".* FROM "categories"  WHERE "categories"."id" = ? LIMIT 1[0m  [["id", 1]]
Completed 500 Internal Server Error in 8ms

NoMethodError (undefined method `todos' for nil:NilClass):
  app/controllers/categories_controller.rb:27:in `show'


  Rendered /home/action/.rvm/gems/ruby-2.1.2/gems/actionpack-4.1.9/lib/action_dispatch/middleware/templates/rescues/_source.erb (0.7ms)
  Rendered /home/action/.rvm/gems/ruby-2.1.2/gems/actionpack-4.1.9/lib/action_dispatch/middleware/templates/rescues/_trace.html.erb (1.3ms)
  Rendered /home/action/.rvm/gems/ruby-2.1.2/gems/actionpack-4.1.9/lib/action_dispatch/middleware/templates/rescues/_request_and_response.html.erb (1.0ms)
  Rendered /home/action/.rvm/gems/ruby-2.1.2/gems/actionpack-4.1.9/lib/action_dispatch/middleware/templates/rescues/diagnostics.erb within rescues/layout (21.9ms)


Started GET "/categories/1" for 99.127.48.217 at 2015-03-10 00:51:05 +0000
Processing by CategoriesController#show as HTML
  Parameters: {"id"=>"1"}
  [1m[35mCategory Load (0.2ms)[0m  SELECT  "categories".* FROM "categories"  WHERE "categories"."id" = ? LIMIT 1  [["id", 1]]
  Rendered categories/show.html.erb within layouts/application (1.1ms)
Completed 500 Internal Server Error in 17ms

ActionView::Template::Error (No route matches {:action=>"new", :controller=>"todos", :id=>"1"} missing required keys: [:category_id]):
    1: <h1><%= @category.title %></h1>
    2: 
    3: <div class="row">
    4:   <%= link_to "Create Todo", new_category_todo_path, class: 'btn btn-info' %>
    5: <%= link_to "Delete Todo", category_todo_path(@category, t), class: 'btn btn-danger', method: :delete %>
    6: </div>
    7: <div class="col-md-8">
  app/views/categories/show.html.erb:4:in `_app_views_categories_show_html_erb__984293822272337215_53236880'


  Rendered /home/action/.rvm/gems/ruby-2.1.2/gems/actionpack-4.1.9/lib/action_dispatch/middleware/templates/rescues/_trace.html.erb (1.2ms)
  Rendered /home/action/.rvm/gems/ruby-2.1.2/gems/actionpack-4.1.9/lib/action_dispatch/middleware/templates/rescues/_request_and_response.html.erb (1.1ms)
  Rendered /home/action/.rvm/gems/ruby-2.1.2/gems/actionpack-4.1.9/lib/action_dispatch/middleware/templates/rescues/template_error.html.erb within rescues/layout (16.1ms)


Started GET "/categories/1" for 99.127.48.217 at 2015-03-10 00:51:44 +0000
Processing by CategoriesController#show as HTML
  Parameters: {"id"=>"1"}
  [1m[36mCategory Load (0.2ms)[0m  [1mSELECT  "categories".* FROM "categories"  WHERE "categories"."id" = ? LIMIT 1[0m  [["id", 1]]
  Rendered categories/show.html.erb within layouts/application (1.7ms)
Completed 500 Internal Server Error in 6ms

ActionView::Template::Error (wrong number of arguments (0 for 1..2)):
    2: 
    3: <div class="row">
    4:   <%= link_to "Create Todo", new_category_todo_path(@category), class: 'btn btn-info' %>
    5: <%= link_to "Delete Todo", category_todo_path(@category, t), class: 'btn btn-danger', method: :delete %>
    6: </div>
    7: <div class="col-md-8">
    8:   <% @todos.each do |t| %>
  app/views/categories/show.html.erb:5:in `_app_views_categories_show_html_erb__984293822272337215_70147627393040'


  Rendered /home/action/.rvm/gems/ruby-2.1.2/gems/actionpack-4.1.9/lib/action_dispatch/middleware/templates/rescues/_trace.html.erb (1.2ms)
  Rendered /home/action/.rvm/gems/ruby-2.1.2/gems/actionpack-4.1.9/lib/action_dispatch/middleware/templates/rescues/_request_and_response.html.erb (0.9ms)
  Rendered /home/action/.rvm/gems/ruby-2.1.2/gems/actionpack-4.1.9/lib/action_dispatch/middleware/templates/rescues/template_error.html.erb within rescues/layout (15.2ms)


Started GET "/categories/1" for 99.127.48.217 at 2015-03-10 00:52:29 +0000
Processing by CategoriesController#show as HTML
  Parameters: {"id"=>"1"}
  [1m[35mCategory Load (0.2ms)[0m  SELECT  "categories".* FROM "categories"  WHERE "categories"."id" = ? LIMIT 1  [["id", 1]]
  Rendered categories/show.html.erb within layouts/application (2.0ms)
Completed 500 Internal Server Error in 7ms

ActionView::Template::Error (wrong number of arguments (0 for 1..2)):
    2: 
    3: <div class="row">
    4:   <%= link_to "Create Todo", new_category_todo_path(@category), class: 'btn btn-info' %>
    5: <%= link_to "Delete Todo", category_todo_path(@category, t), method: :delete, class: 'btn btn-danger'%>
    6: </div>
    7: <div class="col-md-8">
    8:   <% @todos.each do |t| %>
  app/views/categories/show.html.erb:5:in `_app_views_categories_show_html_erb__984293822272337215_70147624907300'


  Rendered /home/action/.rvm/gems/ruby-2.1.2/gems/actionpack-4.1.9/lib/action_dispatch/middleware/templates/rescues/_trace.html.erb (1.2ms)
  Rendered /home/action/.rvm/gems/ruby-2.1.2/gems/actionpack-4.1.9/lib/action_dispatch/middleware/templates/rescues/_request_and_response.html.erb (0.9ms)
  Rendered /home/action/.rvm/gems/ruby-2.1.2/gems/actionpack-4.1.9/lib/action_dispatch/middleware/templates/rescues/template_error.html.erb within rescues/layout (15.4ms)
